
==========================================================================================
CURRENT STATE: {Lausanne       ;ONMAP:[   ATAarauTO:Genève,   ATBaselTO:St-Gallen,   ATSionTO:Genève,Basel,]   INVEHICLE:[TOSt-Gallen:(Task 4, 3 kg, 18448 CHF, Lausanne -> St-Gallen),TOSion:(Task 1, 3 kg, 40875 CHF, Zürich -> Sion),}[-745612976] reached byLISTOFTRANS:(PICKUP:Sion)(MOVETOBasel)(MOVETOBern)(MOVETONeuchâtel)(MOVETOLausanne)(PICKUP:St-Gallen)

C STATES:
------------> {Aarau          ;ONMAP:[   ATLausanneTO:St-Gallen,   ATSionTO:Genève,Basel,]   INVEHICLE:[TOSt-Gallen:(Task 3, 3 kg, 59223 CHF, Basel -> St-Gallen),TOGenève:(Task 0, 3 kg, 36797 CHF, Aarau -> Genève),TOSion:(Task 1, 3 kg, 40875 CHF, Zürich -> Sion),}[-666669757]
------------> {Zürich         ;ONMAP:[   ATAarauTO:Genève,   ATBaselTO:St-Gallen,   ATLausanneTO:St-Gallen,   ATSionTO:Genève,Basel,]   INVEHICLE:[TOSion:(Task 1, 3 kg, 40875 CHF, Zürich -> Sion),}[2056558999]
------------> {Lausanne       ;ONMAP:[   ATBaselTO:St-Gallen,   ATLausanneTO:St-Gallen,   ATSionTO:Genève,Basel,]   INVEHICLE:[TOGenève:(Task 0, 3 kg, 36797 CHF, Aarau -> Genève),TOSion:(Task 1, 3 kg, 40875 CHF, Zürich -> Sion),}[1309946007]
------------> {Lausanne       ;ONMAP:[   ATAarauTO:Genève,   ATBaselTO:St-Gallen,   ATZürichTO:Sion,   ATLausanneTO:St-Gallen,   ATSionTO:Genève,Basel,]   INVEHICLE:[}[-1474235482]
------------> {Aarau          ;ONMAP:[   ATBaselTO:St-Gallen,   ATLausanneTO:St-Gallen,   ATSionTO:Genève,Basel,]   INVEHICLE:[TOGenève:(Task 0, 3 kg, 36797 CHF, Aarau -> Genève),TOSion:(Task 1, 3 kg, 40875 CHF, Zürich -> Sion),}[833866170]
------------> {Bern           ;ONMAP:[   ATBaselTO:St-Gallen,   ATLausanneTO:St-Gallen,   ATSionTO:Genève,Basel,]   INVEHICLE:[TOGenève:(Task 0, 3 kg, 36797 CHF, Aarau -> Genève),TOSion:(Task 1, 3 kg, 40875 CHF, Zürich -> Sion),}[1783710943]
------------> {Zürich         ;ONMAP:[   ATBaselTO:St-Gallen,   ATLausanneTO:St-Gallen,   ATSionTO:Genève,Basel,]   INVEHICLE:[TOGenève:(Task 0, 3 kg, 36797 CHF, Aarau -> Genève),TOSion:(Task 1, 3 kg, 40875 CHF, Zürich -> Sion),}[1122951294]
------------> {Zürich         ;ONMAP:[   ATAarauTO:Genève,   ATZürichTO:Sion,   ATLausanneTO:St-Gallen,   ATSionTO:Genève,Basel,]   INVEHICLE:[TOSt-Gallen:(Task 3, 3 kg, 59223 CHF, Basel -> St-Gallen),}[233739518]
------------> {Zürich         ;ONMAP:[   ATBaselTO:St-Gallen,   ATZürichTO:Sion,   ATLausanneTO:St-Gallen,   ATSionTO:Genève,Basel,]   INVEHICLE:[TOGenève:(Task 0, 3 kg, 36797 CHF, Aarau -> Genève),}[-313864872]
------------> {Fribourg       ;ONMAP:[   ATBaselTO:St-Gallen,   ATLausanneTO:St-Gallen,   ATSionTO:Genève,Basel,]   INVEHICLE:[TOGenève:(Task 0, 3 kg, 36797 CHF, Aarau -> Genève),TOSion:(Task 1, 3 kg, 40875 CHF, Zürich -> Sion),}[-1879771168]
------------> {Fribourg       ;ONMAP:[   ATAarauTO:Genève,   ATBaselTO:St-Gallen,   ATZürichTO:Sion,   ATLausanneTO:St-Gallen,   ATSionTO:Genève,Basel,]   INVEHICLE:[}[-1329998673]
------------> {Aarau          ;ONMAP:[   ATAarauTO:Genève,   ATLausanneTO:St-Gallen,   ATSionTO:Genève,Basel,]   INVEHICLE:[TOSt-Gallen:(Task 3, 3 kg, 59223 CHF, Basel -> St-Gallen),TOSion:(Task 1, 3 kg, 40875 CHF, Zürich -> Sion),}[-411552402]
------------> {Fribourg       ;ONMAP:[   ATAarauTO:Genève,   ATLausanneTO:St-Gallen,   ATSionTO:Genève,Basel,]   INVEHICLE:[TOSt-Gallen:(Task 3, 3 kg, 59223 CHF, Basel -> St-Gallen),TOSion:(Task 1, 3 kg, 40875 CHF, Zürich -> Sion),}[1787923848]
------------> {Zürich         ;ONMAP:[   ATAarauTO:Genève,   ATLausanneTO:St-Gallen,   ATSionTO:Genève,Basel,]   INVEHICLE:[TOSt-Gallen:(Task 3, 3 kg, 59223 CHF, Basel -> St-Gallen),TOSion:(Task 1, 3 kg, 40875 CHF, Zürich -> Sion),}[313948202]
------------> {Bern           ;ONMAP:[   ATAarauTO:Genève,   ATLausanneTO:St-Gallen,   ATSionTO:Genève,Basel,]   INVEHICLE:[TOSt-Gallen:(Task 3, 3 kg, 59223 CHF, Basel -> St-Gallen),TOSion:(Task 1, 3 kg, 40875 CHF, Zürich -> Sion),}[1169533993]
------------> {St-Gallen      ;ONMAP:[   ATAarauTO:Genève,   ATBaselTO:St-Gallen,   ATZürichTO:Sion,   ATLausanneTO:St-Gallen,   ATSionTO:Genève,Basel,]   INVEHICLE:[}[394198752]
------------> {Luzern         ;ONMAP:[   ATAarauTO:Genève,   ATZürichTO:Sion,   ATLausanneTO:St-Gallen,   ATSionTO:Genève,Basel,]   INVEHICLE:[TOSt-Gallen:(Task 3, 3 kg, 59223 CHF, Basel -> St-Gallen),}[1471300652]
------------> {Bern           ;ONMAP:[   ATAarauTO:Genève,   ATBaselTO:St-Gallen,   ATLausanneTO:St-Gallen,   ATSionTO:Genève,Basel,]   INVEHICLE:[TOSion:(Task 1, 3 kg, 40875 CHF, Zürich -> Sion),}[1306051064]
------------> {Thun           ;ONMAP:[   ATAarauTO:Genève,   ATBaselTO:St-Gallen,   ATZürichTO:Sion,   ATLausanneTO:St-Gallen,   ATSionTO:Genève,Basel,]   INVEHICLE:[}[-1633714884]
------------> {Luzern         ;ONMAP:[   ATAarauTO:Genève,   ATBaselTO:St-Gallen,   ATLausanneTO:St-Gallen,   ATSionTO:Genève,Basel,]   INVEHICLE:[TOSion:(Task 1, 3 kg, 40875 CHF, Zürich -> Sion),}[244295081]
------------> {Basel          ;ONMAP:[   ATZürichTO:Sion,   ATLausanneTO:St-Gallen,   ATSionTO:Genève,Basel,]   INVEHICLE:[TOSt-Gallen:(Task 3, 3 kg, 59223 CHF, Basel -> St-Gallen),TOGenève:(Task 0, 3 kg, 36797 CHF, Aarau -> Genève),}[-1558707920]
------------> {Basel          ;ONMAP:[   ATBaselTO:St-Gallen,   ATLausanneTO:St-Gallen,   ATSionTO:Genève,Basel,]   INVEHICLE:[TOGenève:(Task 0, 3 kg, 36797 CHF, Aarau -> Genève),TOSion:(Task 1, 3 kg, 40875 CHF, Zürich -> Sion),}[1217226405]
------------> {Luzern         ;ONMAP:[   ATAarauTO:Genève,   ATLausanneTO:St-Gallen,   ATSionTO:Genève,Basel,]   INVEHICLE:[TOSt-Gallen:(Task 3, 3 kg, 59223 CHF, Basel -> St-Gallen),TOSion:(Task 1, 3 kg, 40875 CHF, Zürich -> Sion),}[133292760]
------------> {Neuchâtel      ;ONMAP:[   ATAarauTO:Genève,   ATZürichTO:Sion,   ATLausanneTO:St-Gallen,   ATSionTO:Genève,Basel,]   INVEHICLE:[TOSt-Gallen:(Task 3, 3 kg, 59223 CHF, Basel -> St-Gallen),}[1603376056]
------------> {Thun           ;ONMAP:[   ATAarauTO:Genève,   ATZürichTO:Sion,   ATLausanneTO:St-Gallen,   ATSionTO:Genève,Basel,]   INVEHICLE:[TOSt-Gallen:(Task 3, 3 kg, 59223 CHF, Basel -> St-Gallen),}[1510221615]
------------> {Lausanne       ;ONMAP:[   ATBaselTO:St-Gallen,   ATZürichTO:Sion,   ATLausanneTO:St-Gallen,   ATSionTO:Genève,Basel,]   INVEHICLE:[TOGenève:(Task 0, 3 kg, 36797 CHF, Aarau -> Genève),}[1912741681]
------------> {Bern           ;ONMAP:[   ATAarauTO:Genève,   ATZürichTO:Sion,   ATLausanneTO:St-Gallen,   ATSionTO:Genève,Basel,]   INVEHICLE:[TOSt-Gallen:(Task 3, 3 kg, 59223 CHF, Basel -> St-Gallen),}[-1937145539]
------------> {Neuchâtel      ;ONMAP:[   ATBaselTO:St-Gallen,   ATLausanneTO:St-Gallen,   ATSionTO:Genève,Basel,]   INVEHICLE:[TOGenève:(Task 0, 3 kg, 36797 CHF, Aarau -> Genève),TOSion:(Task 1, 3 kg, 40875 CHF, Zürich -> Sion),}[1497136516]
------------> {Fribourg       ;ONMAP:[   ATAarauTO:Genève,   ATBaselTO:St-Gallen,   ATLausanneTO:St-Gallen,   ATSionTO:Genève,Basel,]   INVEHICLE:[TOSion:(Task 1, 3 kg, 40875 CHF, Zürich -> Sion),}[725661945]
------------> {Aarau          ;ONMAP:[   ATAarauTO:Genève,   ATBaselTO:St-Gallen,   ATLausanneTO:St-Gallen,   ATSionTO:Genève,Basel,]   INVEHICLE:[TOSion:(Task 1, 3 kg, 40875 CHF, Zürich -> Sion),}[1819112147]
------------> {Neuchâtel      ;ONMAP:[   ATAarauTO:Genève,   ATBaselTO:St-Gallen,   ATZürichTO:Sion,   ATLausanneTO:St-Gallen,   ATSionTO:Genève,Basel,]   INVEHICLE:[}[-68312749]
------------> {St-Gallen      ;ONMAP:[   ATBaselTO:St-Gallen,   ATZürichTO:Sion,   ATLausanneTO:St-Gallen,   ATSionTO:Genève,Basel,]   INVEHICLE:[TOGenève:(Task 0, 3 kg, 36797 CHF, Aarau -> Genève),}[-1319845269]
------------> {Thun           ;ONMAP:[   ATAarauTO:Genève,   ATBaselTO:St-Gallen,   ATLausanneTO:St-Gallen,   ATSionTO:Genève,Basel,]   INVEHICLE:[TOSion:(Task 1, 3 kg, 40875 CHF, Zürich -> Sion),}[-1039749946]
------------> {Thun           ;ONMAP:[   ATBaselTO:St-Gallen,   ATZürichTO:Sion,   ATLausanneTO:St-Gallen,   ATSionTO:Genève,Basel,]   INVEHICLE:[TOGenève:(Task 0, 3 kg, 36797 CHF, Aarau -> Genève),}[545575111]
------------> {St-Gallen      ;ONMAP:[   ATAarauTO:Genève,   ATBaselTO:St-Gallen,   ATLausanneTO:St-Gallen,   ATSionTO:Genève,Basel,]   INVEHICLE:[TOSion:(Task 1, 3 kg, 40875 CHF, Zürich -> Sion),}[1554954090]
------------> {Aarau          ;ONMAP:[   ATBaselTO:St-Gallen,   ATZürichTO:Sion,   ATLausanneTO:St-Gallen,   ATSionTO:Genève,Basel,]   INVEHICLE:[TOGenève:(Task 0, 3 kg, 36797 CHF, Aarau -> Genève),}[-867022956]
------------> {Lausanne       ;ONMAP:[   ATAarauTO:Genève,   ATBaselTO:St-Gallen,   ATLausanneTO:St-Gallen,   ATSionTO:Genève,Basel,]   INVEHICLE:[TOSion:(Task 1, 3 kg, 40875 CHF, Zürich -> Sion),}[-394752592]
------------> {Lausanne       ;ONMAP:[   ATAarauTO:Genève,   ATBaselTO:St-Gallen,   ATZürichTO:Sion,   ATSionTO:Genève,Basel,]   INVEHICLE:[TOSt-Gallen:(Task 4, 3 kg, 18448 CHF, Lausanne -> St-Gallen),}[270232656]
------------> {Bern           ;ONMAP:[   ATAarauTO:Genève,   ATBaselTO:St-Gallen,   ATZürichTO:Sion,   ATLausanneTO:St-Gallen,   ATSionTO:Genève,Basel,]   INVEHICLE:[}[-140487186]
------------> {Neuchâtel      ;ONMAP:[   ATAarauTO:Genève,   ATLausanneTO:St-Gallen,   ATSionTO:Genève,Basel,]   INVEHICLE:[TOSt-Gallen:(Task 3, 3 kg, 59223 CHF, Basel -> St-Gallen),TOSion:(Task 1, 3 kg, 40875 CHF, Zürich -> Sion),}[-2069203612]
------------> {Basel          ;ONMAP:[   ATLausanneTO:St-Gallen,   ATSionTO:Genève,Basel,]   INVEHICLE:[TOSt-Gallen:(Task 3, 3 kg, 59223 CHF, Basel -> St-Gallen),TOGenève:(Task 0, 3 kg, 36797 CHF, Aarau -> Genève),TOSion:(Task 1, 3 kg, 40875 CHF, Zürich -> Sion),}[120393848]
------------> {Thun           ;ONMAP:[   ATAarauTO:Genève,   ATLausanneTO:St-Gallen,   ATSionTO:Genève,Basel,]   INVEHICLE:[TOSt-Gallen:(Task 3, 3 kg, 59223 CHF, Basel -> St-Gallen),TOSion:(Task 1, 3 kg, 40875 CHF, Zürich -> Sion),}[-1899045221]
------------> {Fribourg       ;ONMAP:[   ATBaselTO:St-Gallen,   ATZürichTO:Sion,   ATLausanneTO:St-Gallen,   ATSionTO:Genève,Basel,]   INVEHICLE:[TOGenève:(Task 0, 3 kg, 36797 CHF, Aarau -> Genève),}[594320442]
------------> {Basel          ;ONMAP:[   ATAarauTO:Genève,   ATZürichTO:Sion,   ATLausanneTO:St-Gallen,   ATSionTO:Genève,Basel,]   INVEHICLE:[TOSt-Gallen:(Task 3, 3 kg, 59223 CHF, Basel -> St-Gallen),}[-823135433]
------------> {Luzern         ;ONMAP:[   ATBaselTO:St-Gallen,   ATZürichTO:Sion,   ATLausanneTO:St-Gallen,   ATSionTO:Genève,Basel,]   INVEHICLE:[TOGenève:(Task 0, 3 kg, 36797 CHF, Aarau -> Genève),}[1857232106]
------------> {Aarau          ;ONMAP:[   ATAarauTO:Genève,   ATBaselTO:St-Gallen,   ATZürichTO:Sion,   ATLausanneTO:St-Gallen,   ATSionTO:Genève,Basel,]   INVEHICLE:[}[-556570615]
------------> {Aarau          ;ONMAP:[   ATAarauTO:Genève,   ATZürichTO:Sion,   ATLausanneTO:St-Gallen,   ATSionTO:Genève,Basel,]   INVEHICLE:[TOSt-Gallen:(Task 3, 3 kg, 59223 CHF, Basel -> St-Gallen),}[890773826]
------------> {Basel          ;ONMAP:[   ATBaselTO:St-Gallen,   ATZürichTO:Sion,   ATLausanneTO:St-Gallen,   ATSionTO:Genève,Basel,]   INVEHICLE:[TOGenève:(Task 0, 3 kg, 36797 CHF, Aarau -> Genève),}[610517439]
------------> {Thun           ;ONMAP:[   ATBaselTO:St-Gallen,   ATLausanneTO:St-Gallen,   ATSionTO:Genève,Basel,]   INVEHICLE:[TOGenève:(Task 0, 3 kg, 36797 CHF, Aarau -> Genève),TOSion:(Task 1, 3 kg, 40875 CHF, Zürich -> Sion),}[1609594797]
------------> {Lausanne       ;ONMAP:[   ATAarauTO:Genève,   ATBaselTO:St-Gallen,   ATSionTO:Genève,Basel,]   INVEHICLE:[TOSt-Gallen:(Task 4, 3 kg, 18448 CHF, Lausanne -> St-Gallen),TOSion:(Task 1, 3 kg, 40875 CHF, Zürich -> Sion),}[-745612976]
------------> {Bern           ;ONMAP:[   ATBaselTO:St-Gallen,   ATZürichTO:Sion,   ATLausanneTO:St-Gallen,   ATSionTO:Genève,Basel,]   INVEHICLE:[TOGenève:(Task 0, 3 kg, 36797 CHF, Aarau -> Genève),}[2515321]
------------> {Basel          ;ONMAP:[   ATAarauTO:Genève,   ATBaselTO:St-Gallen,   ATLausanneTO:St-Gallen,   ATSionTO:Genève,Basel,]   INVEHICLE:[TOSion:(Task 1, 3 kg, 40875 CHF, Zürich -> Sion),}[6126526]
------------> {Fribourg       ;ONMAP:[   ATAarauTO:Genève,   ATZürichTO:Sion,   ATLausanneTO:St-Gallen,   ATSionTO:Genève,Basel,]   INVEHICLE:[TOSt-Gallen:(Task 3, 3 kg, 59223 CHF, Basel -> St-Gallen),}[1983431388]
------------> {Lausanne       ;ONMAP:[   ATBaselTO:St-Gallen,   ATSionTO:Genève,Basel,]   INVEHICLE:[TOSt-Gallen:(Task 4, 3 kg, 18448 CHF, Lausanne -> St-Gallen),TOGenève:(Task 0, 3 kg, 36797 CHF, Aarau -> Genève),TOSion:(Task 1, 3 kg, 40875 CHF, Zürich -> Sion),}[-61971547]
------------> {Luzern         ;ONMAP:[   ATAarauTO:Genève,   ATBaselTO:St-Gallen,   ATZürichTO:Sion,   ATLausanneTO:St-Gallen,   ATSionTO:Genève,Basel,]   INVEHICLE:[}[-1666247329]
------------> {Basel          ;ONMAP:[   ATAarauTO:Genève,   ATLausanneTO:St-Gallen,   ATSionTO:Genève,Basel,]   INVEHICLE:[TOSt-Gallen:(Task 3, 3 kg, 59223 CHF, Basel -> St-Gallen),TOSion:(Task 1, 3 kg, 40875 CHF, Zürich -> Sion),}[-44831581]
------------> {Lausanne       ;ONMAP:[   ATBaselTO:St-Gallen,   ATZürichTO:Sion,   ATSionTO:Genève,Basel,]   INVEHICLE:[TOSt-Gallen:(Task 4, 3 kg, 18448 CHF, Lausanne -> St-Gallen),TOGenève:(Task 0, 3 kg, 36797 CHF, Aarau -> Genève),}[1471808201]
------------> {Basel          ;ONMAP:[   ATAarauTO:Genève,   ATBaselTO:St-Gallen,   ATZürichTO:Sion,   ATLausanneTO:St-Gallen,   ATSionTO:Genève,Basel,]   INVEHICLE:[}[-255832524]
------------> {Luzern         ;ONMAP:[   ATBaselTO:St-Gallen,   ATLausanneTO:St-Gallen,   ATSionTO:Genève,Basel,]   INVEHICLE:[TOGenève:(Task 0, 3 kg, 36797 CHF, Aarau -> Genève),TOSion:(Task 1, 3 kg, 40875 CHF, Zürich -> Sion),}[551888016]
------------> {St-Gallen      ;ONMAP:[   ATBaselTO:St-Gallen,   ATLausanneTO:St-Gallen,   ATSionTO:Genève,Basel,]   INVEHICLE:[TOGenève:(Task 0, 3 kg, 36797 CHF, Aarau -> Genève),TOSion:(Task 1, 3 kg, 40875 CHF, Zürich -> Sion),}[1713697361]
------------> {Aarau          ;ONMAP:[   ATZürichTO:Sion,   ATLausanneTO:St-Gallen,   ATSionTO:Genève,Basel,]   INVEHICLE:[TOSt-Gallen:(Task 3, 3 kg, 59223 CHF, Basel -> St-Gallen),TOGenève:(Task 0, 3 kg, 36797 CHF, Aarau -> Genève),}[-1790098629]
------------> {Neuchâtel      ;ONMAP:[   ATAarauTO:Genève,   ATBaselTO:St-Gallen,   ATLausanneTO:St-Gallen,   ATSionTO:Genève,Basel,]   INVEHICLE:[TOSion:(Task 1, 3 kg, 40875 CHF, Zürich -> Sion),}[-1585507]
------------> {Neuchâtel      ;ONMAP:[   ATBaselTO:St-Gallen,   ATZürichTO:Sion,   ATLausanneTO:St-Gallen,   ATSionTO:Genève,Basel,]   INVEHICLE:[TOGenève:(Task 0, 3 kg, 36797 CHF, Aarau -> Genève),}[1789188318]
------------> {Zürich         ;ONMAP:[   ATAarauTO:Genève,   ATBaselTO:St-Gallen,   ATZürichTO:Sion,   ATLausanneTO:St-Gallen,   ATSionTO:Genève,Basel,]   INVEHICLE:[}[-1774977587]

POSSIBLE TRANSITIONS
-----> (MOVETOGenève)
-----> (MOVETOSion)
-----> (MOVETONeuchâtel)
-----> (MOVETOFribourg)
true
true
true
true

Q STATES:
------------> {Lausanne       ;ONMAP:[   ATAarauTO:Genève,   ATBaselTO:St-Gallen,   ATLausanneTO:St-Gallen,   ATSionTO:Genève,Basel,]   INVEHICLE:[TOSion:(Task 1, 3 kg, 40875 CHF, Zürich -> Sion),}[-394752592]
------------> {Sion           ;ONMAP:[   ATBaselTO:St-Gallen,   ATLausanneTO:St-Gallen,   ATSionTO:Genève,Basel,]   INVEHICLE:[TOGenève:(Task 0, 3 kg, 36797 CHF, Aarau -> Genève),TOSion:(Task 1, 3 kg, 40875 CHF, Zürich -> Sion),}[-1270027179]
------------> {Bern           ;ONMAP:[   ATAarauTO:Genève,   ATLausanneTO:St-Gallen,   ATSionTO:Genève,Basel,]   INVEHICLE:[TOSt-Gallen:(Task 3, 3 kg, 59223 CHF, Basel -> St-Gallen),TOSion:(Task 1, 3 kg, 40875 CHF, Zürich -> Sion),}[1169533993]
------------> {Sion           ;ONMAP:[   ATAarauTO:Genève,   ATBaselTO:St-Gallen,   ATZürichTO:Sion,   ATLausanneTO:St-Gallen,   ATSionTO:Genève,Basel,]   INVEHICLE:[}[911910884]
------------> {Sion           ;ONMAP:[   ATBaselTO:St-Gallen,   ATZürichTO:Sion,   ATLausanneTO:St-Gallen,   ATSionTO:Genève,Basel,]   INVEHICLE:[TOGenève:(Task 0, 3 kg, 36797 CHF, Aarau -> Genève),}[111893359]
------------> {Zürich         ;ONMAP:[   ATLausanneTO:St-Gallen,   ATSionTO:Genève,Basel,]   INVEHICLE:[TOSt-Gallen:(Task 3, 3 kg, 59223 CHF, Basel -> St-Gallen),TOGenève:(Task 0, 3 kg, 36797 CHF, Aarau -> Genève),TOSion:(Task 1, 3 kg, 40875 CHF, Zürich -> Sion),}[-1805139969]
------------> {Bern           ;ONMAP:[   ATAarauTO:Genève,   ATZürichTO:Sion,   ATLausanneTO:St-Gallen,   ATSionTO:Genève,Basel,]   INVEHICLE:[TOSt-Gallen:(Task 3, 3 kg, 59223 CHF, Basel -> St-Gallen),}[-1937145539]
------------> {Zürich         ;ONMAP:[   ATBaselTO:St-Gallen,   ATLausanneTO:St-Gallen,   ATSionTO:Genève,Basel,]   INVEHICLE:[TOGenève:(Task 0, 3 kg, 36797 CHF, Aarau -> Genève),TOSion:(Task 1, 3 kg, 40875 CHF, Zürich -> Sion),}[1122951294]
------------> {Sion           ;ONMAP:[   ATAarauTO:Genève,   ATBaselTO:St-Gallen,   ATLausanneTO:St-Gallen,   ATSionTO:Genève,Basel,]   INVEHICLE:[TOSion:(Task 1, 3 kg, 40875 CHF, Zürich -> Sion),}[1243595118]
------------> {Bern           ;ONMAP:[   ATAarauTO:Genève,   ATLausanneTO:St-Gallen,   ATSionTO:Genève,Basel,]   INVEHICLE:[TOSt-Gallen:(Task 3, 3 kg, 59223 CHF, Basel -> St-Gallen),TOSion:(Task 1, 3 kg, 40875 CHF, Zürich -> Sion),}[1169533993]
------------> {Lausanne       ;ONMAP:[   ATBaselTO:St-Gallen,   ATZürichTO:Sion,   ATLausanneTO:St-Gallen,   ATSionTO:Genève,Basel,]   INVEHICLE:[TOGenève:(Task 0, 3 kg, 36797 CHF, Aarau -> Genève),}[1912741681]
------------> {Zürich         ;ONMAP:[   ATAarauTO:Genève,   ATZürichTO:Sion,   ATLausanneTO:St-Gallen,   ATSionTO:Genève,Basel,]   INVEHICLE:[TOSt-Gallen:(Task 3, 3 kg, 59223 CHF, Basel -> St-Gallen),}[233739518]
------------> {Basel          ;ONMAP:[   ATAarauTO:Genève,   ATZürichTO:Sion,   ATLausanneTO:St-Gallen,   ATSionTO:Genève,Basel,]   INVEHICLE:[TOSt-Gallen:(Task 3, 3 kg, 59223 CHF, Basel -> St-Gallen),}[-823135433]
------------> {Bern           ;ONMAP:[   ATAarauTO:Genève,   ATZürichTO:Sion,   ATLausanneTO:St-Gallen,   ATSionTO:Genève,Basel,]   INVEHICLE:[TOSt-Gallen:(Task 3, 3 kg, 59223 CHF, Basel -> St-Gallen),}[-1937145539]
------------> {Zürich         ;ONMAP:[   ATZürichTO:Sion,   ATLausanneTO:St-Gallen,   ATSionTO:Genève,Basel,]   INVEHICLE:[TOSt-Gallen:(Task 3, 3 kg, 59223 CHF, Basel -> St-Gallen),TOGenève:(Task 0, 3 kg, 36797 CHF, Aarau -> Genève),}[-368720137]
------------> {Aarau          ;ONMAP:[   ATAarauTO:Genève,   ATZürichTO:Sion,   ATLausanneTO:St-Gallen,   ATSionTO:Genève,Basel,]   INVEHICLE:[TOSt-Gallen:(Task 3, 3 kg, 59223 CHF, Basel -> St-Gallen),}[890773826]
------------> {Zürich         ;ONMAP:[   ATBaselTO:St-Gallen,   ATLausanneTO:St-Gallen,   ATSionTO:Genève,Basel,]   INVEHICLE:[TOGenève:(Task 0, 3 kg, 36797 CHF, Aarau -> Genève),TOSion:(Task 1, 3 kg, 40875 CHF, Zürich -> Sion),}[1122951294]
------------> {Zürich         ;ONMAP:[   ATAarauTO:Genève,   ATLausanneTO:St-Gallen,   ATSionTO:Genève,Basel,]   INVEHICLE:[TOSt-Gallen:(Task 3, 3 kg, 59223 CHF, Basel -> St-Gallen),TOSion:(Task 1, 3 kg, 40875 CHF, Zürich -> Sion),}[313948202]
------------> {St-Gallen      ;ONMAP:[   ATAarauTO:Genève,   ATLausanneTO:St-Gallen,   ATSionTO:Genève,Basel,]   INVEHICLE:[TOSt-Gallen:(Task 3, 3 kg, 59223 CHF, Basel -> St-Gallen),TOSion:(Task 1, 3 kg, 40875 CHF, Zürich -> Sion),}[-1545948809]
------------> {Bern           ;ONMAP:[   ATAarauTO:Genève,   ATZürichTO:Sion,   ATLausanneTO:St-Gallen,   ATSionTO:Genève,Basel,]   INVEHICLE:[TOSt-Gallen:(Task 3, 3 kg, 59223 CHF, Basel -> St-Gallen),}[-1937145539]
------------> {Aarau          ;ONMAP:[   ATAarauTO:Genève,   ATLausanneTO:St-Gallen,   ATSionTO:Genève,Basel,]   INVEHICLE:[TOSt-Gallen:(Task 3, 3 kg, 59223 CHF, Basel -> St-Gallen),TOSion:(Task 1, 3 kg, 40875 CHF, Zürich -> Sion),}[-411552402]
------------> {Lausanne       ;ONMAP:[   ATAarauTO:Genève,   ATBaselTO:St-Gallen,   ATZürichTO:Sion,   ATLausanneTO:St-Gallen,   ATSionTO:Genève,Basel,]   INVEHICLE:[}[-1474235482]
------------> {Lausanne       ;ONMAP:[   ATBaselTO:St-Gallen,   ATLausanneTO:St-Gallen,   ATSionTO:Genève,Basel,]   INVEHICLE:[TOGenève:(Task 0, 3 kg, 36797 CHF, Aarau -> Genève),TOSion:(Task 1, 3 kg, 40875 CHF, Zürich -> Sion),}[1309946007]
------------> {Luzern         ;ONMAP:[   ATAarauTO:Genève,   ATZürichTO:Sion,   ATLausanneTO:St-Gallen,   ATSionTO:Genève,Basel,]   INVEHICLE:[TOSt-Gallen:(Task 3, 3 kg, 59223 CHF, Basel -> St-Gallen),}[1471300652]
------------> {Luzern         ;ONMAP:[   ATLausanneTO:St-Gallen,   ATSionTO:Genève,Basel,]   INVEHICLE:[TOSt-Gallen:(Task 3, 3 kg, 59223 CHF, Basel -> St-Gallen),TOGenève:(Task 0, 3 kg, 36797 CHF, Aarau -> Genève),TOSion:(Task 1, 3 kg, 40875 CHF, Zürich -> Sion),}[-1172507987]
------------> {Luzern         ;ONMAP:[   ATZürichTO:Sion,   ATLausanneTO:St-Gallen,   ATSionTO:Genève,Basel,]   INVEHICLE:[TOSt-Gallen:(Task 3, 3 kg, 59223 CHF, Basel -> St-Gallen),TOGenève:(Task 0, 3 kg, 36797 CHF, Aarau -> Genève),}[2115059237]
------------> {Zürich         ;ONMAP:[   ATZürichTO:Sion,   ATLausanneTO:St-Gallen,   ATSionTO:Genève,Basel,]   INVEHICLE:[TOSt-Gallen:(Task 3, 3 kg, 59223 CHF, Basel -> St-Gallen),TOGenève:(Task 0, 3 kg, 36797 CHF, Aarau -> Genève),}[-368720137]
------------> {Fribourg       ;ONMAP:[   ATAarauTO:Genève,   ATBaselTO:St-Gallen,   ATZürichTO:Sion,   ATSionTO:Genève,Basel,]   INVEHICLE:[TOSt-Gallen:(Task 4, 3 kg, 18448 CHF, Lausanne -> St-Gallen),}[659023527]
------------> {Zürich         ;ONMAP:[   ATAarauTO:Genève,   ATLausanneTO:St-Gallen,   ATSionTO:Genève,Basel,]   INVEHICLE:[TOSt-Gallen:(Task 3, 3 kg, 59223 CHF, Basel -> St-Gallen),TOSion:(Task 1, 3 kg, 40875 CHF, Zürich -> Sion),}[313948202]
------------> {Bern           ;ONMAP:[   ATBaselTO:St-Gallen,   ATLausanneTO:St-Gallen,   ATSionTO:Genève,Basel,]   INVEHICLE:[TOGenève:(Task 0, 3 kg, 36797 CHF, Aarau -> Genève),TOSion:(Task 1, 3 kg, 40875 CHF, Zürich -> Sion),}[1783710943]
------------> {Bern           ;ONMAP:[   ATAarauTO:Genève,   ATLausanneTO:St-Gallen,   ATSionTO:Genève,Basel,]   INVEHICLE:[TOSt-Gallen:(Task 3, 3 kg, 59223 CHF, Basel -> St-Gallen),TOSion:(Task 1, 3 kg, 40875 CHF, Zürich -> Sion),}[1169533993]
------------> {Basel          ;ONMAP:[   ATAarauTO:Genève,   ATZürichTO:Sion,   ATLausanneTO:St-Gallen,   ATSionTO:Genève,Basel,]   INVEHICLE:[TOSt-Gallen:(Task 3, 3 kg, 59223 CHF, Basel -> St-Gallen),}[-823135433]
------------> {Zürich         ;ONMAP:[   ATAarauTO:Genève,   ATZürichTO:Sion,   ATLausanneTO:St-Gallen,   ATSionTO:Genève,Basel,]   INVEHICLE:[TOSt-Gallen:(Task 3, 3 kg, 59223 CHF, Basel -> St-Gallen),}[233739518]
------------> {Bern           ;ONMAP:[   ATLausanneTO:St-Gallen,   ATSionTO:Genève,Basel,]   INVEHICLE:[TOSt-Gallen:(Task 3, 3 kg, 59223 CHF, Basel -> St-Gallen),TOGenève:(Task 0, 3 kg, 36797 CHF, Aarau -> Genève),TOSion:(Task 1, 3 kg, 40875 CHF, Zürich -> Sion),}[1606367230]
------------> {Basel          ;ONMAP:[   ATAarauTO:Genève,   ATLausanneTO:St-Gallen,   ATSionTO:Genève,Basel,]   INVEHICLE:[TOSt-Gallen:(Task 3, 3 kg, 59223 CHF, Basel -> St-Gallen),TOSion:(Task 1, 3 kg, 40875 CHF, Zürich -> Sion),}[-44831581]
------------> {St-Gallen      ;ONMAP:[   ATAarauTO:Genève,   ATZürichTO:Sion,   ATLausanneTO:St-Gallen,   ATSionTO:Genève,Basel,]   INVEHICLE:[TOSt-Gallen:(Task 3, 3 kg, 59223 CHF, Basel -> St-Gallen),}[1353523979]
------------> {Zürich         ;ONMAP:[   ATBaselTO:St-Gallen,   ATZürichTO:Sion,   ATLausanneTO:St-Gallen,   ATSionTO:Genève,Basel,]   INVEHICLE:[TOGenève:(Task 0, 3 kg, 36797 CHF, Aarau -> Genève),}[-313864872]
------------> {Genève         ;ONMAP:[   ATAarauTO:Genève,   ATBaselTO:St-Gallen,   ATLausanneTO:St-Gallen,   ATSionTO:Genève,Basel,]   INVEHICLE:[TOSion:(Task 1, 3 kg, 40875 CHF, Zürich -> Sion),}[-550252480]
------------> {Aarau          ;ONMAP:[   ATAarauTO:Genève,   ATLausanneTO:St-Gallen,   ATSionTO:Genève,Basel,]   INVEHICLE:[TOSt-Gallen:(Task 3, 3 kg, 59223 CHF, Basel -> St-Gallen),TOSion:(Task 1, 3 kg, 40875 CHF, Zürich -> Sion),}[-411552402]
------------> {Zürich         ;ONMAP:[   ATBaselTO:St-Gallen,   ATZürichTO:Sion,   ATLausanneTO:St-Gallen,   ATSionTO:Genève,Basel,]   INVEHICLE:[TOGenève:(Task 0, 3 kg, 36797 CHF, Aarau -> Genève),}[-313864872]
------------> {Basel          ;ONMAP:[   ATAarauTO:Genève,   ATLausanneTO:St-Gallen,   ATSionTO:Genève,Basel,]   INVEHICLE:[TOSt-Gallen:(Task 3, 3 kg, 59223 CHF, Basel -> St-Gallen),TOSion:(Task 1, 3 kg, 40875 CHF, Zürich -> Sion),}[-44831581]
------------> {Bern           ;ONMAP:[   ATBaselTO:St-Gallen,   ATZürichTO:Sion,   ATLausanneTO:St-Gallen,   ATSionTO:Genève,Basel,]   INVEHICLE:[TOGenève:(Task 0, 3 kg, 36797 CHF, Aarau -> Genève),}[2515321]
------------> {Bern           ;ONMAP:[   ATZürichTO:Sion,   ATLausanneTO:St-Gallen,   ATSionTO:Genève,Basel,]   INVEHICLE:[TOSt-Gallen:(Task 3, 3 kg, 59223 CHF, Basel -> St-Gallen),TOGenève:(Task 0, 3 kg, 36797 CHF, Aarau -> Genève),}[1510471478]
------------> {Lausanne       ;ONMAP:[   ATAarauTO:Genève,   ATZürichTO:Sion,   ATLausanneTO:St-Gallen,   ATSionTO:Genève,Basel,]   INVEHICLE:[TOSt-Gallen:(Task 3, 3 kg, 59223 CHF, Basel -> St-Gallen),}[1594640517]
------------> {Luzern         ;ONMAP:[   ATAarauTO:Genève,   ATLausanneTO:St-Gallen,   ATSionTO:Genève,Basel,]   INVEHICLE:[TOSt-Gallen:(Task 3, 3 kg, 59223 CHF, Basel -> St-Gallen),TOSion:(Task 1, 3 kg, 40875 CHF, Zürich -> Sion),}[133292760]
------------> {Bern           ;ONMAP:[   ATAarauTO:Genève,   ATLausanneTO:St-Gallen,   ATSionTO:Genève,Basel,]   INVEHICLE:[TOSt-Gallen:(Task 3, 3 kg, 59223 CHF, Basel -> St-Gallen),TOSion:(Task 1, 3 kg, 40875 CHF, Zürich -> Sion),}[1169533993]
------------> {Zürich         ;ONMAP:[   ATLausanneTO:St-Gallen,   ATSionTO:Genève,Basel,]   INVEHICLE:[TOSt-Gallen:(Task 3, 3 kg, 59223 CHF, Basel -> St-Gallen),TOGenève:(Task 0, 3 kg, 36797 CHF, Aarau -> Genève),TOSion:(Task 1, 3 kg, 40875 CHF, Zürich -> Sion),}[-1805139969]
------------> {Aarau          ;ONMAP:[   ATAarauTO:Genève,   ATZürichTO:Sion,   ATLausanneTO:St-Gallen,   ATSionTO:Genève,Basel,]   INVEHICLE:[TOSt-Gallen:(Task 3, 3 kg, 59223 CHF, Basel -> St-Gallen),}[890773826]
------------> {Bern           ;ONMAP:[   ATAarauTO:Genève,   ATZürichTO:Sion,   ATLausanneTO:St-Gallen,   ATSionTO:Genève,Basel,]   INVEHICLE:[TOSt-Gallen:(Task 3, 3 kg, 59223 CHF, Basel -> St-Gallen),}[-1937145539]
------------> {Fribourg       ;ONMAP:[   ATBaselTO:St-Gallen,   ATSionTO:Genève,Basel,]   INVEHICLE:[TOSt-Gallen:(Task 4, 3 kg, 18448 CHF, Lausanne -> St-Gallen),TOGenève:(Task 0, 3 kg, 36797 CHF, Aarau -> Genève),TOSion:(Task 1, 3 kg, 40875 CHF, Zürich -> Sion),}[-1186508868]
------------> {Bern           ;ONMAP:[   ATLausanneTO:St-Gallen,   ATSionTO:Genève,Basel,]   INVEHICLE:[TOSt-Gallen:(Task 3, 3 kg, 59223 CHF, Basel -> St-Gallen),TOGenève:(Task 0, 3 kg, 36797 CHF, Aarau -> Genève),TOSion:(Task 1, 3 kg, 40875 CHF, Zürich -> Sion),}[1606367230]
------------> {Lausanne       ;ONMAP:[   ATAarauTO:Genève,   ATLausanneTO:St-Gallen,   ATSionTO:Genève,Basel,]   INVEHICLE:[TOSt-Gallen:(Task 3, 3 kg, 59223 CHF, Basel -> St-Gallen),TOSion:(Task 1, 3 kg, 40875 CHF, Zürich -> Sion),}[500860273]
------------> {Bern           ;ONMAP:[   ATZürichTO:Sion,   ATLausanneTO:St-Gallen,   ATSionTO:Genève,Basel,]   INVEHICLE:[TOSt-Gallen:(Task 3, 3 kg, 59223 CHF, Basel -> St-Gallen),TOGenève:(Task 0, 3 kg, 36797 CHF, Aarau -> Genève),}[1510471478]
------------> {Sion           ;ONMAP:[   ATAarauTO:Genève,   ATLausanneTO:St-Gallen,   ATSionTO:Genève,Basel,]   INVEHICLE:[TOSt-Gallen:(Task 3, 3 kg, 59223 CHF, Basel -> St-Gallen),TOSion:(Task 1, 3 kg, 40875 CHF, Zürich -> Sion),}[-1040561933]
------------> {Sion           ;ONMAP:[   ATAarauTO:Genève,   ATZürichTO:Sion,   ATLausanneTO:St-Gallen,   ATSionTO:Genève,Basel,]   INVEHICLE:[TOSt-Gallen:(Task 3, 3 kg, 59223 CHF, Basel -> St-Gallen),}[958774151]
------------> {Lausanne       ;ONMAP:[   ATAarauTO:Genève,   ATZürichTO:Sion,   ATLausanneTO:St-Gallen,   ATSionTO:Genève,Basel,]   INVEHICLE:[TOSt-Gallen:(Task 3, 3 kg, 59223 CHF, Basel -> St-Gallen),}[1594640517]
------------> {Fribourg       ;ONMAP:[   ATAarauTO:Genève,   ATBaselTO:St-Gallen,   ATZürichTO:Sion,   ATLausanneTO:St-Gallen,   ATSionTO:Genève,Basel,]   INVEHICLE:[}[-1329998673]
------------> {Genève         ;ONMAP:[   ATAarauTO:Genève,   ATBaselTO:St-Gallen,   ATZürichTO:Sion,   ATLausanneTO:St-Gallen,   ATSionTO:Genève,Basel,]   INVEHICLE:[}[-676064714]
------------> {Sion           ;ONMAP:[   ATAarauTO:Genève,   ATBaselTO:St-Gallen,   ATZürichTO:Sion,   ATLausanneTO:St-Gallen,   ATSionTO:Genève,Basel,]   INVEHICLE:[}[911910884]
------------> {Neuchâtel      ;ONMAP:[   ATAarauTO:Genève,   ATBaselTO:St-Gallen,   ATZürichTO:Sion,   ATLausanneTO:St-Gallen,   ATSionTO:Genève,Basel,]   INVEHICLE:[}[-68312749]
------------> {Lausanne       ;ONMAP:[   ATAarauTO:Genève,   ATLausanneTO:St-Gallen,   ATSionTO:Genève,Basel,]   INVEHICLE:[TOSt-Gallen:(Task 3, 3 kg, 59223 CHF, Basel -> St-Gallen),TOSion:(Task 1, 3 kg, 40875 CHF, Zürich -> Sion),}[500860273]
------------> {Fribourg       ;ONMAP:[   ATBaselTO:St-Gallen,   ATZürichTO:Sion,   ATLausanneTO:St-Gallen,   ATSionTO:Genève,Basel,]   INVEHICLE:[TOGenève:(Task 0, 3 kg, 36797 CHF, Aarau -> Genève),}[594320442]
------------> {Genève         ;ONMAP:[   ATBaselTO:St-Gallen,   ATZürichTO:Sion,   ATLausanneTO:St-Gallen,   ATSionTO:Genève,Basel,]   INVEHICLE:[TOGenève:(Task 0, 3 kg, 36797 CHF, Aarau -> Genève),}[-1493762623]
------------> {Sion           ;ONMAP:[   ATBaselTO:St-Gallen,   ATZürichTO:Sion,   ATLausanneTO:St-Gallen,   ATSionTO:Genève,Basel,]   INVEHICLE:[TOGenève:(Task 0, 3 kg, 36797 CHF, Aarau -> Genève),}[111893359]
------------> {Neuchâtel      ;ONMAP:[   ATBaselTO:St-Gallen,   ATZürichTO:Sion,   ATLausanneTO:St-Gallen,   ATSionTO:Genève,Basel,]   INVEHICLE:[TOGenève:(Task 0, 3 kg, 36797 CHF, Aarau -> Genève),}[1789188318]
------------> {Fribourg       ;ONMAP:[   ATBaselTO:St-Gallen,   ATLausanneTO:St-Gallen,   ATSionTO:Genève,Basel,]   INVEHICLE:[TOGenève:(Task 0, 3 kg, 36797 CHF, Aarau -> Genève),TOSion:(Task 1, 3 kg, 40875 CHF, Zürich -> Sion),}[-1879771168]
------------> {Genève         ;ONMAP:[   ATBaselTO:St-Gallen,   ATLausanneTO:St-Gallen,   ATSionTO:Genève,Basel,]   INVEHICLE:[TOGenève:(Task 0, 3 kg, 36797 CHF, Aarau -> Genève),TOSion:(Task 1, 3 kg, 40875 CHF, Zürich -> Sion),}[10564391]
------------> {Sion           ;ONMAP:[   ATBaselTO:St-Gallen,   ATLausanneTO:St-Gallen,   ATSionTO:Genève,Basel,]   INVEHICLE:[TOGenève:(Task 0, 3 kg, 36797 CHF, Aarau -> Genève),TOSion:(Task 1, 3 kg, 40875 CHF, Zürich -> Sion),}[-1270027179]
------------> {Neuchâtel      ;ONMAP:[   ATBaselTO:St-Gallen,   ATLausanneTO:St-Gallen,   ATSionTO:Genève,Basel,]   INVEHICLE:[TOGenève:(Task 0, 3 kg, 36797 CHF, Aarau -> Genève),TOSion:(Task 1, 3 kg, 40875 CHF, Zürich -> Sion),}[1497136516]
------------> {Genève         ;ONMAP:[   ATAarauTO:Genève,   ATBaselTO:St-Gallen,   ATZürichTO:Sion,   ATSionTO:Genève,Basel,]   INVEHICLE:[TOSt-Gallen:(Task 4, 3 kg, 18448 CHF, Lausanne -> St-Gallen),}[-1412217920]
------------> {Sion           ;ONMAP:[   ATAarauTO:Genève,   ATBaselTO:St-Gallen,   ATZürichTO:Sion,   ATSionTO:Genève,Basel,]   INVEHICLE:[TOSt-Gallen:(Task 4, 3 kg, 18448 CHF, Lausanne -> St-Gallen),}[-365633710]
------------> {Neuchâtel      ;ONMAP:[   ATAarauTO:Genève,   ATBaselTO:St-Gallen,   ATZürichTO:Sion,   ATSionTO:Genève,Basel,]   INVEHICLE:[TOSt-Gallen:(Task 4, 3 kg, 18448 CHF, Lausanne -> St-Gallen),}[278968195]
------------> {Genève         ;ONMAP:[   ATBaselTO:St-Gallen,   ATSionTO:Genève,Basel,]   INVEHICLE:[TOSt-Gallen:(Task 4, 3 kg, 18448 CHF, Lausanne -> St-Gallen),TOGenève:(Task 0, 3 kg, 36797 CHF, Aarau -> Genève),TOSion:(Task 1, 3 kg, 40875 CHF, Zürich -> Sion),}[-123611371]
------------> {Sion           ;ONMAP:[   ATBaselTO:St-Gallen,   ATSionTO:Genève,Basel,]   INVEHICLE:[TOSt-Gallen:(Task 4, 3 kg, 18448 CHF, Lausanne -> St-Gallen),TOGenève:(Task 0, 3 kg, 36797 CHF, Aarau -> Genève),TOSion:(Task 1, 3 kg, 40875 CHF, Zürich -> Sion),}[-1607491801]
------------> {Neuchâtel      ;ONMAP:[   ATBaselTO:St-Gallen,   ATSionTO:Genève,Basel,]   INVEHICLE:[TOSt-Gallen:(Task 4, 3 kg, 18448 CHF, Lausanne -> St-Gallen),TOGenève:(Task 0, 3 kg, 36797 CHF, Aarau -> Genève),TOSion:(Task 1, 3 kg, 40875 CHF, Zürich -> Sion),}[1131005848]
------------> {Fribourg       ;ONMAP:[   ATAarauTO:Genève,   ATBaselTO:St-Gallen,   ATLausanneTO:St-Gallen,   ATSionTO:Genève,Basel,]   INVEHICLE:[TOSion:(Task 1, 3 kg, 40875 CHF, Zürich -> Sion),}[725661945]
------------> {Fribourg       ;ONMAP:[   ATBaselTO:St-Gallen,   ATZürichTO:Sion,   ATSionTO:Genève,Basel,]   INVEHICLE:[TOSt-Gallen:(Task 4, 3 kg, 18448 CHF, Lausanne -> St-Gallen),TOGenève:(Task 0, 3 kg, 36797 CHF, Aarau -> Genève),}[1389322528]
------------> {Sion           ;ONMAP:[   ATAarauTO:Genève,   ATBaselTO:St-Gallen,   ATLausanneTO:St-Gallen,   ATSionTO:Genève,Basel,]   INVEHICLE:[TOSion:(Task 1, 3 kg, 40875 CHF, Zürich -> Sion),}[1243595118]
------------> {Neuchâtel      ;ONMAP:[   ATAarauTO:Genève,   ATBaselTO:St-Gallen,   ATLausanneTO:St-Gallen,   ATSionTO:Genève,Basel,]   INVEHICLE:[TOSion:(Task 1, 3 kg, 40875 CHF, Zürich -> Sion),}[-1585507]
------------> {Genève         ;ONMAP:[   ATBaselTO:St-Gallen,   ATZürichTO:Sion,   ATSionTO:Genève,Basel,]   INVEHICLE:[TOSt-Gallen:(Task 4, 3 kg, 18448 CHF, Lausanne -> St-Gallen),TOGenève:(Task 0, 3 kg, 36797 CHF, Aarau -> Genève),}[-1799873991]
------------> {Sion           ;ONMAP:[   ATBaselTO:St-Gallen,   ATZürichTO:Sion,   ATSionTO:Genève,Basel,]   INVEHICLE:[TOSt-Gallen:(Task 4, 3 kg, 18448 CHF, Lausanne -> St-Gallen),TOGenève:(Task 0, 3 kg, 36797 CHF, Aarau -> Genève),}[1928785355]
------------> {Neuchâtel      ;ONMAP:[   ATBaselTO:St-Gallen,   ATZürichTO:Sion,   ATSionTO:Genève,Basel,]   INVEHICLE:[TOSt-Gallen:(Task 4, 3 kg, 18448 CHF, Lausanne -> St-Gallen),TOGenève:(Task 0, 3 kg, 36797 CHF, Aarau -> Genève),}[1246609916]
------------> {Genève         ;ONMAP:[   ATAarauTO:Genève,   ATBaselTO:St-Gallen,   ATSionTO:Genève,Basel,]   INVEHICLE:[TOSt-Gallen:(Task 4, 3 kg, 18448 CHF, Lausanne -> St-Gallen),TOSion:(Task 1, 3 kg, 40875 CHF, Zürich -> Sion),}[-83096384]
------------> {Sion           ;ONMAP:[   ATAarauTO:Genève,   ATBaselTO:St-Gallen,   ATSionTO:Genève,Basel,]   INVEHICLE:[TOSt-Gallen:(Task 4, 3 kg, 18448 CHF, Lausanne -> St-Gallen),TOSion:(Task 1, 3 kg, 40875 CHF, Zürich -> Sion),}[2007932114]
------------> {Neuchâtel      ;ONMAP:[   ATAarauTO:Genève,   ATBaselTO:St-Gallen,   ATSionTO:Genève,Basel,]   INVEHICLE:[TOSt-Gallen:(Task 4, 3 kg, 18448 CHF, Lausanne -> St-Gallen),TOSion:(Task 1, 3 kg, 40875 CHF, Zürich -> Sion),}[979290435]
------------> {Fribourg       ;ONMAP:[   ATAarauTO:Genève,   ATBaselTO:St-Gallen,   ATSionTO:Genève,Basel,]   INVEHICLE:[TOSt-Gallen:(Task 4, 3 kg, 18448 CHF, Lausanne -> St-Gallen),TOSion:(Task 1, 3 kg, 40875 CHF, Zürich -> Sion),}[541450599]

PATHTO STATES:
------------> {Aarau          ;ONMAP:[   ATLausanneTO:St-Gallen,   ATSionTO:Genève,Basel,]   INVEHICLE:[TOSt-Gallen:(Task 3, 3 kg, 59223 CHF, Basel -> St-Gallen),TOGenève:(Task 0, 3 kg, 36797 CHF, Aarau -> Genève),TOSion:(Task 1, 3 kg, 40875 CHF, Zürich -> Sion),}[-666669757]       LISTOFTRANS:(PICKUP:Sion)(MOVETOBasel)(PICKUP:St-Gallen)(MOVETOBern)(MOVETOAarau)(PICKUP:Genève)
------------> {Zürich         ;ONMAP:[   ATAarauTO:Genève,   ATBaselTO:St-Gallen,   ATLausanneTO:St-Gallen,   ATSionTO:Genève,Basel,]   INVEHICLE:[TOSion:(Task 1, 3 kg, 40875 CHF, Zürich -> Sion),}[2056558999]       LISTOFTRANS:(PICKUP:Sion)(MOVETOSt-Gallen)(MOVETOZürich)
------------> {Sion           ;ONMAP:[   ATBaselTO:St-Gallen,   ATSionTO:Genève,Basel,]   INVEHICLE:[TOSt-Gallen:(Task 4, 3 kg, 18448 CHF, Lausanne -> St-Gallen),TOGenève:(Task 0, 3 kg, 36797 CHF, Aarau -> Genève),TOSion:(Task 1, 3 kg, 40875 CHF, Zürich -> Sion),}[-1607491801]       LISTOFTRANS:(PICKUP:Sion)(MOVETOAarau)(PICKUP:Genève)(MOVETOBern)(MOVETONeuchâtel)(MOVETOLausanne)(PICKUP:St-Gallen)(MOVETOSion)
------------> {Aarau          ;ONMAP:[   ATBaselTO:St-Gallen,   ATLausanneTO:St-Gallen,   ATSionTO:Genève,Basel,]   INVEHICLE:[TOGenève:(Task 0, 3 kg, 36797 CHF, Aarau -> Genève),TOSion:(Task 1, 3 kg, 40875 CHF, Zürich -> Sion),}[833866170]       LISTOFTRANS:(PICKUP:Sion)(MOVETOAarau)(PICKUP:Genève)(MOVETOBern)(MOVETOAarau)
------------> {Sion           ;ONMAP:[   ATAarauTO:Genève,   ATLausanneTO:St-Gallen,   ATSionTO:Genève,Basel,]   INVEHICLE:[TOSt-Gallen:(Task 3, 3 kg, 59223 CHF, Basel -> St-Gallen),TOSion:(Task 1, 3 kg, 40875 CHF, Zürich -> Sion),}[-1040561933]       LISTOFTRANS:(PICKUP:Sion)(MOVETOBasel)(PICKUP:St-Gallen)(MOVETOBern)(MOVETOThun)(MOVETOSion)
------------> {Zürich         ;ONMAP:[   ATAarauTO:Genève,   ATZürichTO:Sion,   ATLausanneTO:St-Gallen,   ATSionTO:Genève,Basel,]   INVEHICLE:[TOSt-Gallen:(Task 3, 3 kg, 59223 CHF, Basel -> St-Gallen),}[233739518]       LISTOFTRANS:(MOVETOBasel)(PICKUP:St-Gallen)(MOVETOBern)(MOVETOAarau)(MOVETOLuzern)(MOVETOZürich)
------------> {Zürich         ;ONMAP:[   ATBaselTO:St-Gallen,   ATZürichTO:Sion,   ATLausanneTO:St-Gallen,   ATSionTO:Genève,Basel,]   INVEHICLE:[TOGenève:(Task 0, 3 kg, 36797 CHF, Aarau -> Genève),}[-313864872]       LISTOFTRANS:(MOVETOAarau)(PICKUP:Genève)(MOVETOZürich)(MOVETOSt-Gallen)(MOVETOZürich)
------------> {Genève         ;ONMAP:[   ATAarauTO:Genève,   ATBaselTO:St-Gallen,   ATZürichTO:Sion,   ATSionTO:Genève,Basel,]   INVEHICLE:[TOSt-Gallen:(Task 4, 3 kg, 18448 CHF, Lausanne -> St-Gallen),}[-1412217920]       LISTOFTRANS:(MOVETOBasel)(MOVETOBern)(MOVETONeuchâtel)(MOVETOLausanne)(PICKUP:St-Gallen)(MOVETOGenève)
------------> {Fribourg       ;ONMAP:[   ATBaselTO:St-Gallen,   ATLausanneTO:St-Gallen,   ATSionTO:Genève,Basel,]   INVEHICLE:[TOGenève:(Task 0, 3 kg, 36797 CHF, Aarau -> Genève),TOSion:(Task 1, 3 kg, 40875 CHF, Zürich -> Sion),}[-1879771168]       LISTOFTRANS:(PICKUP:Sion)(MOVETOAarau)(PICKUP:Genève)(MOVETOBern)(MOVETONeuchâtel)(MOVETOLausanne)(MOVETOFribourg)
------------> {Fribourg       ;ONMAP:[   ATAarauTO:Genève,   ATBaselTO:St-Gallen,   ATZürichTO:Sion,   ATLausanneTO:St-Gallen,   ATSionTO:Genève,Basel,]   INVEHICLE:[}[-1329998673]       LISTOFTRANS:(MOVETOBasel)(MOVETOBern)(MOVETONeuchâtel)(MOVETOLausanne)(MOVETOFribourg)
------------> {Aarau          ;ONMAP:[   ATAarauTO:Genève,   ATLausanneTO:St-Gallen,   ATSionTO:Genève,Basel,]   INVEHICLE:[TOSt-Gallen:(Task 3, 3 kg, 59223 CHF, Basel -> St-Gallen),TOSion:(Task 1, 3 kg, 40875 CHF, Zürich -> Sion),}[-411552402]       LISTOFTRANS:(PICKUP:Sion)(MOVETOBasel)(PICKUP:St-Gallen)(MOVETOBern)(MOVETOAarau)(MOVETOLuzern)(MOVETOAarau)
------------> {Sion           ;ONMAP:[   ATBaselTO:St-Gallen,   ATLausanneTO:St-Gallen,   ATSionTO:Genève,Basel,]   INVEHICLE:[TOGenève:(Task 0, 3 kg, 36797 CHF, Aarau -> Genève),TOSion:(Task 1, 3 kg, 40875 CHF, Zürich -> Sion),}[-1270027179]       LISTOFTRANS:(PICKUP:Sion)(MOVETOAarau)(PICKUP:Genève)(MOVETOBern)(MOVETONeuchâtel)(MOVETOLausanne)(MOVETOSion)
------------> {Fribourg       ;ONMAP:[   ATAarauTO:Genève,   ATLausanneTO:St-Gallen,   ATSionTO:Genève,Basel,]   INVEHICLE:[TOSt-Gallen:(Task 3, 3 kg, 59223 CHF, Basel -> St-Gallen),TOSion:(Task 1, 3 kg, 40875 CHF, Zürich -> Sion),}[1787923848]       LISTOFTRANS:(PICKUP:Sion)(MOVETOBasel)(PICKUP:St-Gallen)(MOVETOBern)(MOVETOFribourg)
------------> {Neuchâtel      ;ONMAP:[   ATAarauTO:Genève,   ATBaselTO:St-Gallen,   ATSionTO:Genève,Basel,]   INVEHICLE:[TOSt-Gallen:(Task 4, 3 kg, 18448 CHF, Lausanne -> St-Gallen),TOSion:(Task 1, 3 kg, 40875 CHF, Zürich -> Sion),}[979290435]       LISTOFTRANS:(PICKUP:Sion)(MOVETOBasel)(MOVETOBern)(MOVETONeuchâtel)(MOVETOLausanne)(PICKUP:St-Gallen)(MOVETONeuchâtel)
------------> {Bern           ;ONMAP:[   ATAarauTO:Genève,   ATBaselTO:St-Gallen,   ATLausanneTO:St-Gallen,   ATSionTO:Genève,Basel,]   INVEHICLE:[TOSion:(Task 1, 3 kg, 40875 CHF, Zürich -> Sion),}[1306051064]       LISTOFTRANS:(PICKUP:Sion)(MOVETOBasel)(MOVETOBern)(MOVETONeuchâtel)(MOVETOBern)
------------> {Fribourg       ;ONMAP:[   ATAarauTO:Genève,   ATBaselTO:St-Gallen,   ATSionTO:Genève,Basel,]   INVEHICLE:[TOSt-Gallen:(Task 4, 3 kg, 18448 CHF, Lausanne -> St-Gallen),TOSion:(Task 1, 3 kg, 40875 CHF, Zürich -> Sion),}[541450599]       LISTOFTRANS:(PICKUP:Sion)(MOVETOBasel)(MOVETOBern)(MOVETONeuchâtel)(MOVETOLausanne)(PICKUP:St-Gallen)(MOVETOFribourg)
------------> {Neuchâtel      ;ONMAP:[   ATAarauTO:Genève,   ATBaselTO:St-Gallen,   ATZürichTO:Sion,   ATSionTO:Genève,Basel,]   INVEHICLE:[TOSt-Gallen:(Task 4, 3 kg, 18448 CHF, Lausanne -> St-Gallen),}[278968195]       LISTOFTRANS:(MOVETOBasel)(MOVETOBern)(MOVETONeuchâtel)(MOVETOLausanne)(PICKUP:St-Gallen)(MOVETONeuchâtel)
------------> {Luzern         ;ONMAP:[   ATAarauTO:Genève,   ATBaselTO:St-Gallen,   ATLausanneTO:St-Gallen,   ATSionTO:Genève,Basel,]   INVEHICLE:[TOSion:(Task 1, 3 kg, 40875 CHF, Zürich -> Sion),}[244295081]       LISTOFTRANS:(PICKUP:Sion)(MOVETOAarau)(MOVETOLuzern)
------------> {Basel          ;ONMAP:[   ATBaselTO:St-Gallen,   ATLausanneTO:St-Gallen,   ATSionTO:Genève,Basel,]   INVEHICLE:[TOGenève:(Task 0, 3 kg, 36797 CHF, Aarau -> Genève),TOSion:(Task 1, 3 kg, 40875 CHF, Zürich -> Sion),}[1217226405]       LISTOFTRANS:(PICKUP:Sion)(MOVETOAarau)(PICKUP:Genève)(MOVETOBern)(MOVETOBasel)
------------> {Basel          ;ONMAP:[   ATZürichTO:Sion,   ATLausanneTO:St-Gallen,   ATSionTO:Genève,Basel,]   INVEHICLE:[TOSt-Gallen:(Task 3, 3 kg, 59223 CHF, Basel -> St-Gallen),TOGenève:(Task 0, 3 kg, 36797 CHF, Aarau -> Genève),}[-1558707920]       LISTOFTRANS:(MOVETOAarau)(PICKUP:Genève)(MOVETOBern)(MOVETOBasel)(PICKUP:St-Gallen)
------------> {Luzern         ;ONMAP:[   ATAarauTO:Genève,   ATLausanneTO:St-Gallen,   ATSionTO:Genève,Basel,]   INVEHICLE:[TOSt-Gallen:(Task 3, 3 kg, 59223 CHF, Basel -> St-Gallen),TOSion:(Task 1, 3 kg, 40875 CHF, Zürich -> Sion),}[133292760]       LISTOFTRANS:(PICKUP:Sion)(MOVETOBasel)(PICKUP:St-Gallen)(MOVETOBern)(MOVETOAarau)(MOVETOLuzern)
------------> {Neuchâtel      ;ONMAP:[   ATAarauTO:Genève,   ATZürichTO:Sion,   ATLausanneTO:St-Gallen,   ATSionTO:Genève,Basel,]   INVEHICLE:[TOSt-Gallen:(Task 3, 3 kg, 59223 CHF, Basel -> St-Gallen),}[1603376056]       LISTOFTRANS:(MOVETOBasel)(PICKUP:St-Gallen)(MOVETOBern)(MOVETONeuchâtel)
------------> {Thun           ;ONMAP:[   ATAarauTO:Genève,   ATZürichTO:Sion,   ATLausanneTO:St-Gallen,   ATSionTO:Genève,Basel,]   INVEHICLE:[TOSt-Gallen:(Task 3, 3 kg, 59223 CHF, Basel -> St-Gallen),}[1510221615]       LISTOFTRANS:(MOVETOBasel)(PICKUP:St-Gallen)(MOVETOBern)(MOVETOThun)
------------> {Bern           ;ONMAP:[   ATZürichTO:Sion,   ATLausanneTO:St-Gallen,   ATSionTO:Genève,Basel,]   INVEHICLE:[TOSt-Gallen:(Task 3, 3 kg, 59223 CHF, Basel -> St-Gallen),TOGenève:(Task 0, 3 kg, 36797 CHF, Aarau -> Genève),}[1510471478]       LISTOFTRANS:(MOVETOBasel)(PICKUP:St-Gallen)(MOVETOBern)(MOVETOAarau)(PICKUP:Genève)(MOVETOBern)
------------> {Lausanne       ;ONMAP:[   ATBaselTO:St-Gallen,   ATZürichTO:Sion,   ATLausanneTO:St-Gallen,   ATSionTO:Genève,Basel,]   INVEHICLE:[TOGenève:(Task 0, 3 kg, 36797 CHF, Aarau -> Genève),}[1912741681]       LISTOFTRANS:(MOVETOAarau)(PICKUP:Genève)(MOVETOBern)(MOVETONeuchâtel)(MOVETOLausanne)
------------> {Luzern         ;ONMAP:[   ATZürichTO:Sion,   ATLausanneTO:St-Gallen,   ATSionTO:Genève,Basel,]   INVEHICLE:[TOSt-Gallen:(Task 3, 3 kg, 59223 CHF, Basel -> St-Gallen),TOGenève:(Task 0, 3 kg, 36797 CHF, Aarau -> Genève),}[2115059237]       LISTOFTRANS:(MOVETOBasel)(PICKUP:St-Gallen)(MOVETOBern)(MOVETOAarau)(PICKUP:Genève)(MOVETOLuzern)
------------> {Genève         ;ONMAP:[   ATBaselTO:St-Gallen,   ATZürichTO:Sion,   ATLausanneTO:St-Gallen,   ATSionTO:Genève,Basel,]   INVEHICLE:[TOGenève:(Task 0, 3 kg, 36797 CHF, Aarau -> Genève),}[-1493762623]       LISTOFTRANS:(MOVETOAarau)(PICKUP:Genève)(MOVETOBern)(MOVETONeuchâtel)(MOVETOLausanne)(MOVETOGenève)
------------> {Sion           ;ONMAP:[   ATBaselTO:St-Gallen,   ATZürichTO:Sion,   ATSionTO:Genève,Basel,]   INVEHICLE:[TOSt-Gallen:(Task 4, 3 kg, 18448 CHF, Lausanne -> St-Gallen),TOGenève:(Task 0, 3 kg, 36797 CHF, Aarau -> Genève),}[1928785355]       LISTOFTRANS:(MOVETOAarau)(PICKUP:Genève)(MOVETOBern)(MOVETONeuchâtel)(MOVETOLausanne)(PICKUP:St-Gallen)(MOVETOSion)
------------> {St-Gallen      ;ONMAP:[   ATBaselTO:St-Gallen,   ATZürichTO:Sion,   ATLausanneTO:St-Gallen,   ATSionTO:Genève,Basel,]   INVEHICLE:[TOGenève:(Task 0, 3 kg, 36797 CHF, Aarau -> Genève),}[-1319845269]       LISTOFTRANS:(MOVETOAarau)(PICKUP:Genève)(MOVETOZürich)(MOVETOSt-Gallen)
------------> {Bern           ;ONMAP:[   ATLausanneTO:St-Gallen,   ATSionTO:Genève,Basel,]   INVEHICLE:[TOSt-Gallen:(Task 3, 3 kg, 59223 CHF, Basel -> St-Gallen),TOGenève:(Task 0, 3 kg, 36797 CHF, Aarau -> Genève),TOSion:(Task 1, 3 kg, 40875 CHF, Zürich -> Sion),}[1606367230]       LISTOFTRANS:(PICKUP:Sion)(MOVETOBasel)(PICKUP:St-Gallen)(MOVETOBern)(MOVETOAarau)(PICKUP:Genève)(MOVETOBern)
------------> {Thun           ;ONMAP:[   ATBaselTO:St-Gallen,   ATZürichTO:Sion,   ATLausanneTO:St-Gallen,   ATSionTO:Genève,Basel,]   INVEHICLE:[TOGenève:(Task 0, 3 kg, 36797 CHF, Aarau -> Genève),}[545575111]       LISTOFTRANS:(MOVETOAarau)(PICKUP:Genève)(MOVETOBern)(MOVETOThun)
------------> {Lausanne       ;ONMAP:[   ATAarauTO:Genève,   ATBaselTO:St-Gallen,   ATZürichTO:Sion,   ATSionTO:Genève,Basel,]   INVEHICLE:[TOSt-Gallen:(Task 4, 3 kg, 18448 CHF, Lausanne -> St-Gallen),}[270232656]       LISTOFTRANS:(MOVETOBasel)(MOVETOBern)(MOVETONeuchâtel)(MOVETOLausanne)(PICKUP:St-Gallen)
------------> {Bern           ;ONMAP:[   ATAarauTO:Genève,   ATBaselTO:St-Gallen,   ATZürichTO:Sion,   ATLausanneTO:St-Gallen,   ATSionTO:Genève,Basel,]   INVEHICLE:[}[-140487186]       LISTOFTRANS:(MOVETOBasel)(MOVETOBern)(MOVETONeuchâtel)(MOVETOBern)
------------> {Basel          ;ONMAP:[   ATLausanneTO:St-Gallen,   ATSionTO:Genève,Basel,]   INVEHICLE:[TOSt-Gallen:(Task 3, 3 kg, 59223 CHF, Basel -> St-Gallen),TOGenève:(Task 0, 3 kg, 36797 CHF, Aarau -> Genève),TOSion:(Task 1, 3 kg, 40875 CHF, Zürich -> Sion),}[120393848]       LISTOFTRANS:(PICKUP:Sion)(MOVETOAarau)(PICKUP:Genève)(MOVETOBern)(MOVETOBasel)(PICKUP:St-Gallen)
------------> {Thun           ;ONMAP:[   ATAarauTO:Genève,   ATLausanneTO:St-Gallen,   ATSionTO:Genève,Basel,]   INVEHICLE:[TOSt-Gallen:(Task 3, 3 kg, 59223 CHF, Basel -> St-Gallen),TOSion:(Task 1, 3 kg, 40875 CHF, Zürich -> Sion),}[-1899045221]       LISTOFTRANS:(PICKUP:Sion)(MOVETOBasel)(PICKUP:St-Gallen)(MOVETOBern)(MOVETOThun)
------------> {Fribourg       ;ONMAP:[   ATBaselTO:St-Gallen,   ATZürichTO:Sion,   ATLausanneTO:St-Gallen,   ATSionTO:Genève,Basel,]   INVEHICLE:[TOGenève:(Task 0, 3 kg, 36797 CHF, Aarau -> Genève),}[594320442]       LISTOFTRANS:(MOVETOAarau)(PICKUP:Genève)(MOVETOBern)(MOVETONeuchâtel)(MOVETOLausanne)(MOVETOFribourg)
------------> {Luzern         ;ONMAP:[   ATBaselTO:St-Gallen,   ATZürichTO:Sion,   ATLausanneTO:St-Gallen,   ATSionTO:Genève,Basel,]   INVEHICLE:[TOGenève:(Task 0, 3 kg, 36797 CHF, Aarau -> Genève),}[1857232106]       LISTOFTRANS:(MOVETOAarau)(PICKUP:Genève)(MOVETOZürich)(MOVETOLuzern)
------------> {Aarau          ;ONMAP:[   ATAarauTO:Genève,   ATZürichTO:Sion,   ATLausanneTO:St-Gallen,   ATSionTO:Genève,Basel,]   INVEHICLE:[TOSt-Gallen:(Task 3, 3 kg, 59223 CHF, Basel -> St-Gallen),}[890773826]       LISTOFTRANS:(MOVETOBasel)(PICKUP:St-Gallen)(MOVETOBern)(MOVETOAarau)(MOVETOLuzern)(MOVETOAarau)
------------> {Thun           ;ONMAP:[   ATBaselTO:St-Gallen,   ATLausanneTO:St-Gallen,   ATSionTO:Genève,Basel,]   INVEHICLE:[TOGenève:(Task 0, 3 kg, 36797 CHF, Aarau -> Genève),TOSion:(Task 1, 3 kg, 40875 CHF, Zürich -> Sion),}[1609594797]       LISTOFTRANS:(PICKUP:Sion)(MOVETOAarau)(PICKUP:Genève)(MOVETOBern)(MOVETOThun)
------------> {Bern           ;ONMAP:[   ATBaselTO:St-Gallen,   ATZürichTO:Sion,   ATLausanneTO:St-Gallen,   ATSionTO:Genève,Basel,]   INVEHICLE:[TOGenève:(Task 0, 3 kg, 36797 CHF, Aarau -> Genève),}[2515321]       LISTOFTRANS:(MOVETOAarau)(PICKUP:Genève)(MOVETOBern)(MOVETOBasel)(MOVETOBern)
------------> {Sion           ;ONMAP:[   ATAarauTO:Genève,   ATBaselTO:St-Gallen,   ATZürichTO:Sion,   ATSionTO:Genève,Basel,]   INVEHICLE:[TOSt-Gallen:(Task 4, 3 kg, 18448 CHF, Lausanne -> St-Gallen),}[-365633710]       LISTOFTRANS:(MOVETOBasel)(MOVETOBern)(MOVETONeuchâtel)(MOVETOLausanne)(PICKUP:St-Gallen)(MOVETOSion)
------------> {Sion           ;ONMAP:[   ATAarauTO:Genève,   ATBaselTO:St-Gallen,   ATLausanneTO:St-Gallen,   ATSionTO:Genève,Basel,]   INVEHICLE:[TOSion:(Task 1, 3 kg, 40875 CHF, Zürich -> Sion),}[1243595118]       LISTOFTRANS:(PICKUP:Sion)(MOVETOBasel)(MOVETOBern)(MOVETONeuchâtel)(MOVETOLausanne)(MOVETOSion)
------------> {Lausanne       ;ONMAP:[   ATBaselTO:St-Gallen,   ATZürichTO:Sion,   ATSionTO:Genève,Basel,]   INVEHICLE:[TOSt-Gallen:(Task 4, 3 kg, 18448 CHF, Lausanne -> St-Gallen),TOGenève:(Task 0, 3 kg, 36797 CHF, Aarau -> Genève),}[1471808201]       LISTOFTRANS:(MOVETOAarau)(PICKUP:Genève)(MOVETOBern)(MOVETONeuchâtel)(MOVETOLausanne)(PICKUP:St-Gallen)
------------> {Genève         ;ONMAP:[   ATAarauTO:Genève,   ATBaselTO:St-Gallen,   ATLausanneTO:St-Gallen,   ATSionTO:Genève,Basel,]   INVEHICLE:[TOSion:(Task 1, 3 kg, 40875 CHF, Zürich -> Sion),}[-550252480]       LISTOFTRANS:(PICKUP:Sion)(MOVETOBasel)(MOVETOBern)(MOVETONeuchâtel)(MOVETOLausanne)(MOVETOGenève)
------------> {Luzern         ;ONMAP:[   ATBaselTO:St-Gallen,   ATLausanneTO:St-Gallen,   ATSionTO:Genève,Basel,]   INVEHICLE:[TOGenève:(Task 0, 3 kg, 36797 CHF, Aarau -> Genève),TOSion:(Task 1, 3 kg, 40875 CHF, Zürich -> Sion),}[551888016]       LISTOFTRANS:(MOVETOAarau)(PICKUP:Genève)(MOVETOZürich)(PICKUP:Sion)(MOVETOLuzern)
------------> {St-Gallen      ;ONMAP:[   ATBaselTO:St-Gallen,   ATLausanneTO:St-Gallen,   ATSionTO:Genève,Basel,]   INVEHICLE:[TOGenève:(Task 0, 3 kg, 36797 CHF, Aarau -> Genève),TOSion:(Task 1, 3 kg, 40875 CHF, Zürich -> Sion),}[1713697361]       LISTOFTRANS:(MOVETOAarau)(PICKUP:Genève)(MOVETOZürich)(PICKUP:Sion)(MOVETOSt-Gallen)
------------> {Aarau          ;ONMAP:[   ATZürichTO:Sion,   ATLausanneTO:St-Gallen,   ATSionTO:Genève,Basel,]   INVEHICLE:[TOSt-Gallen:(Task 3, 3 kg, 59223 CHF, Basel -> St-Gallen),TOGenève:(Task 0, 3 kg, 36797 CHF, Aarau -> Genève),}[-1790098629]       LISTOFTRANS:(MOVETOBasel)(PICKUP:St-Gallen)(MOVETOBern)(MOVETOAarau)(PICKUP:Genève)
------------> {Neuchâtel      ;ONMAP:[   ATAarauTO:Genève,   ATBaselTO:St-Gallen,   ATLausanneTO:St-Gallen,   ATSionTO:Genève,Basel,]   INVEHICLE:[TOSion:(Task 1, 3 kg, 40875 CHF, Zürich -> Sion),}[-1585507]       LISTOFTRANS:(PICKUP:Sion)(MOVETOBasel)(MOVETOBern)(MOVETONeuchâtel)(MOVETOLausanne)(MOVETONeuchâtel)
------------> {Neuchâtel      ;ONMAP:[   ATBaselTO:St-Gallen,   ATZürichTO:Sion,   ATLausanneTO:St-Gallen,   ATSionTO:Genève,Basel,]   INVEHICLE:[TOGenève:(Task 0, 3 kg, 36797 CHF, Aarau -> Genève),}[1789188318]       LISTOFTRANS:(MOVETOAarau)(PICKUP:Genève)(MOVETOBern)(MOVETONeuchâtel)(MOVETOLausanne)(MOVETONeuchâtel)
------------> {Sion           ;ONMAP:[   ATAarauTO:Genève,   ATBaselTO:St-Gallen,   ATSionTO:Genève,Basel,]   INVEHICLE:[TOSt-Gallen:(Task 4, 3 kg, 18448 CHF, Lausanne -> St-Gallen),TOSion:(Task 1, 3 kg, 40875 CHF, Zürich -> Sion),}[2007932114]       LISTOFTRANS:(PICKUP:Sion)(MOVETOBasel)(MOVETOBern)(MOVETONeuchâtel)(MOVETOLausanne)(PICKUP:St-Gallen)(MOVETOSion)
------------> {Genève         ;ONMAP:[   ATBaselTO:St-Gallen,   ATZürichTO:Sion,   ATSionTO:Genève,Basel,]   INVEHICLE:[TOSt-Gallen:(Task 4, 3 kg, 18448 CHF, Lausanne -> St-Gallen),TOGenève:(Task 0, 3 kg, 36797 CHF, Aarau -> Genève),}[-1799873991]       LISTOFTRANS:(MOVETOAarau)(PICKUP:Genève)(MOVETOBern)(MOVETONeuchâtel)(MOVETOLausanne)(PICKUP:St-Gallen)(MOVETOGenève)
------------> {Genève         ;ONMAP:[   ATAarauTO:Genève,   ATBaselTO:St-Gallen,   ATZürichTO:Sion,   ATLausanneTO:St-Gallen,   ATSionTO:Genève,Basel,]   INVEHICLE:[}[-676064714]       LISTOFTRANS:(MOVETOBasel)(MOVETOBern)(MOVETONeuchâtel)(MOVETOLausanne)(MOVETOGenève)
------------> {Lausanne       ;ONMAP:[   ATBaselTO:St-Gallen,   ATLausanneTO:St-Gallen,   ATSionTO:Genève,Basel,]   INVEHICLE:[TOGenève:(Task 0, 3 kg, 36797 CHF, Aarau -> Genève),TOSion:(Task 1, 3 kg, 40875 CHF, Zürich -> Sion),}[1309946007]       LISTOFTRANS:(PICKUP:Sion)(MOVETOAarau)(PICKUP:Genève)(MOVETOBern)(MOVETONeuchâtel)(MOVETOLausanne)
------------> {Lausanne       ;ONMAP:[   ATAarauTO:Genève,   ATBaselTO:St-Gallen,   ATZürichTO:Sion,   ATLausanneTO:St-Gallen,   ATSionTO:Genève,Basel,]   INVEHICLE:[}[-1474235482]       LISTOFTRANS:(MOVETOBasel)(MOVETOBern)(MOVETONeuchâtel)(MOVETOLausanne)
------------> {Genève         ;ONMAP:[   ATBaselTO:St-Gallen,   ATLausanneTO:St-Gallen,   ATSionTO:Genève,Basel,]   INVEHICLE:[TOGenève:(Task 0, 3 kg, 36797 CHF, Aarau -> Genève),TOSion:(Task 1, 3 kg, 40875 CHF, Zürich -> Sion),}[10564391]       LISTOFTRANS:(PICKUP:Sion)(MOVETOAarau)(PICKUP:Genève)(MOVETOBern)(MOVETONeuchâtel)(MOVETOLausanne)(MOVETOGenève)
------------> {Lausanne       ;ONMAP:[   ATAarauTO:Genève,   ATZürichTO:Sion,   ATLausanneTO:St-Gallen,   ATSionTO:Genève,Basel,]   INVEHICLE:[TOSt-Gallen:(Task 3, 3 kg, 59223 CHF, Basel -> St-Gallen),}[1594640517]       LISTOFTRANS:(MOVETOBasel)(PICKUP:St-Gallen)(MOVETOBern)(MOVETONeuchâtel)(MOVETOLausanne)
------------> {Bern           ;ONMAP:[   ATBaselTO:St-Gallen,   ATLausanneTO:St-Gallen,   ATSionTO:Genève,Basel,]   INVEHICLE:[TOGenève:(Task 0, 3 kg, 36797 CHF, Aarau -> Genève),TOSion:(Task 1, 3 kg, 40875 CHF, Zürich -> Sion),}[1783710943]       LISTOFTRANS:(PICKUP:Sion)(MOVETOAarau)(PICKUP:Genève)(MOVETOBern)(MOVETOBasel)(MOVETOBern)
------------> {Zürich         ;ONMAP:[   ATBaselTO:St-Gallen,   ATLausanneTO:St-Gallen,   ATSionTO:Genève,Basel,]   INVEHICLE:[TOGenève:(Task 0, 3 kg, 36797 CHF, Aarau -> Genève),TOSion:(Task 1, 3 kg, 40875 CHF, Zürich -> Sion),}[1122951294]       LISTOFTRANS:(MOVETOAarau)(PICKUP:Genève)(MOVETOZürich)(PICKUP:Sion)(MOVETOSt-Gallen)(MOVETOZürich)
------------> {Zürich         ;ONMAP:[   ATLausanneTO:St-Gallen,   ATSionTO:Genève,Basel,]   INVEHICLE:[TOSt-Gallen:(Task 3, 3 kg, 59223 CHF, Basel -> St-Gallen),TOGenève:(Task 0, 3 kg, 36797 CHF, Aarau -> Genève),TOSion:(Task 1, 3 kg, 40875 CHF, Zürich -> Sion),}[-1805139969]       LISTOFTRANS:(PICKUP:Sion)(MOVETOBasel)(PICKUP:St-Gallen)(MOVETOBern)(MOVETOAarau)(PICKUP:Genève)(MOVETOZürich)
------------> {Bern           ;ONMAP:[   ATAarauTO:Genève,   ATLausanneTO:St-Gallen,   ATSionTO:Genève,Basel,]   INVEHICLE:[TOSt-Gallen:(Task 3, 3 kg, 59223 CHF, Basel -> St-Gallen),TOSion:(Task 1, 3 kg, 40875 CHF, Zürich -> Sion),}[1169533993]       LISTOFTRANS:(PICKUP:Sion)(MOVETOBasel)(PICKUP:St-Gallen)(MOVETOBern)(MOVETONeuchâtel)(MOVETOBern)
------------> {Zürich         ;ONMAP:[   ATAarauTO:Genève,   ATLausanneTO:St-Gallen,   ATSionTO:Genève,Basel,]   INVEHICLE:[TOSt-Gallen:(Task 3, 3 kg, 59223 CHF, Basel -> St-Gallen),TOSion:(Task 1, 3 kg, 40875 CHF, Zürich -> Sion),}[313948202]       LISTOFTRANS:(PICKUP:Sion)(MOVETOBasel)(PICKUP:St-Gallen)(MOVETOBern)(MOVETOAarau)(MOVETOLuzern)(MOVETOZürich)
------------> {St-Gallen      ;ONMAP:[   ATAarauTO:Genève,   ATBaselTO:St-Gallen,   ATZürichTO:Sion,   ATLausanneTO:St-Gallen,   ATSionTO:Genève,Basel,]   INVEHICLE:[}[394198752]       LISTOFTRANS:(MOVETOSt-Gallen)
------------> {Luzern         ;ONMAP:[   ATAarauTO:Genève,   ATZürichTO:Sion,   ATLausanneTO:St-Gallen,   ATSionTO:Genève,Basel,]   INVEHICLE:[TOSt-Gallen:(Task 3, 3 kg, 59223 CHF, Basel -> St-Gallen),}[1471300652]       LISTOFTRANS:(MOVETOBasel)(PICKUP:St-Gallen)(MOVETOBern)(MOVETOAarau)(MOVETOLuzern)
------------> {Sion           ;ONMAP:[   ATAarauTO:Genève,   ATZürichTO:Sion,   ATLausanneTO:St-Gallen,   ATSionTO:Genève,Basel,]   INVEHICLE:[TOSt-Gallen:(Task 3, 3 kg, 59223 CHF, Basel -> St-Gallen),}[958774151]       LISTOFTRANS:(MOVETOBasel)(PICKUP:St-Gallen)(MOVETOBern)(MOVETOThun)(MOVETOSion)
------------> {Thun           ;ONMAP:[   ATAarauTO:Genève,   ATBaselTO:St-Gallen,   ATZürichTO:Sion,   ATLausanneTO:St-Gallen,   ATSionTO:Genève,Basel,]   INVEHICLE:[}[-1633714884]       LISTOFTRANS:(MOVETOBasel)(MOVETOBern)(MOVETOThun)
------------> {St-Gallen      ;ONMAP:[   ATAarauTO:Genève,   ATZürichTO:Sion,   ATLausanneTO:St-Gallen,   ATSionTO:Genève,Basel,]   INVEHICLE:[TOSt-Gallen:(Task 3, 3 kg, 59223 CHF, Basel -> St-Gallen),}[1353523979]       LISTOFTRANS:(MOVETOBasel)(PICKUP:St-Gallen)(MOVETOZürich)(MOVETOSt-Gallen)
------------> {Lausanne       ;ONMAP:[   ATAarauTO:Genève,   ATLausanneTO:St-Gallen,   ATSionTO:Genève,Basel,]   INVEHICLE:[TOSt-Gallen:(Task 3, 3 kg, 59223 CHF, Basel -> St-Gallen),TOSion:(Task 1, 3 kg, 40875 CHF, Zürich -> Sion),}[500860273]       LISTOFTRANS:(PICKUP:Sion)(MOVETOBasel)(PICKUP:St-Gallen)(MOVETOBern)(MOVETONeuchâtel)(MOVETOLausanne)
------------> {St-Gallen      ;ONMAP:[   ATAarauTO:Genève,   ATLausanneTO:St-Gallen,   ATSionTO:Genève,Basel,]   INVEHICLE:[TOSt-Gallen:(Task 3, 3 kg, 59223 CHF, Basel -> St-Gallen),TOSion:(Task 1, 3 kg, 40875 CHF, Zürich -> Sion),}[-1545948809]       LISTOFTRANS:(PICKUP:Sion)(MOVETOBasel)(PICKUP:St-Gallen)(MOVETOZürich)(MOVETOSt-Gallen)
------------> {Luzern         ;ONMAP:[   ATLausanneTO:St-Gallen,   ATSionTO:Genève,Basel,]   INVEHICLE:[TOSt-Gallen:(Task 3, 3 kg, 59223 CHF, Basel -> St-Gallen),TOGenève:(Task 0, 3 kg, 36797 CHF, Aarau -> Genève),TOSion:(Task 1, 3 kg, 40875 CHF, Zürich -> Sion),}[-1172507987]       LISTOFTRANS:(PICKUP:Sion)(MOVETOBasel)(PICKUP:St-Gallen)(MOVETOBern)(MOVETOAarau)(PICKUP:Genève)(MOVETOLuzern)
------------> {Neuchâtel      ;ONMAP:[   ATBaselTO:St-Gallen,   ATZürichTO:Sion,   ATSionTO:Genève,Basel,]   INVEHICLE:[TOSt-Gallen:(Task 4, 3 kg, 18448 CHF, Lausanne -> St-Gallen),TOGenève:(Task 0, 3 kg, 36797 CHF, Aarau -> Genève),}[1246609916]       LISTOFTRANS:(MOVETOAarau)(PICKUP:Genève)(MOVETOBern)(MOVETONeuchâtel)(MOVETOLausanne)(PICKUP:St-Gallen)(MOVETONeuchâtel)
------------> {Bern           ;ONMAP:[   ATAarauTO:Genève,   ATZürichTO:Sion,   ATLausanneTO:St-Gallen,   ATSionTO:Genève,Basel,]   INVEHICLE:[TOSt-Gallen:(Task 3, 3 kg, 59223 CHF, Basel -> St-Gallen),}[-1937145539]       LISTOFTRANS:(MOVETOBasel)(PICKUP:St-Gallen)(MOVETOBern)(MOVETONeuchâtel)(MOVETOBern)
------------> {Genève         ;ONMAP:[   ATBaselTO:St-Gallen,   ATSionTO:Genève,Basel,]   INVEHICLE:[TOSt-Gallen:(Task 4, 3 kg, 18448 CHF, Lausanne -> St-Gallen),TOGenève:(Task 0, 3 kg, 36797 CHF, Aarau -> Genève),TOSion:(Task 1, 3 kg, 40875 CHF, Zürich -> Sion),}[-123611371]       LISTOFTRANS:(PICKUP:Sion)(MOVETOAarau)(PICKUP:Genève)(MOVETOBern)(MOVETONeuchâtel)(MOVETOLausanne)(PICKUP:St-Gallen)(MOVETOGenève)
------------> {Neuchâtel      ;ONMAP:[   ATBaselTO:St-Gallen,   ATLausanneTO:St-Gallen,   ATSionTO:Genève,Basel,]   INVEHICLE:[TOGenève:(Task 0, 3 kg, 36797 CHF, Aarau -> Genève),TOSion:(Task 1, 3 kg, 40875 CHF, Zürich -> Sion),}[1497136516]       LISTOFTRANS:(PICKUP:Sion)(MOVETOAarau)(PICKUP:Genève)(MOVETOBern)(MOVETONeuchâtel)(MOVETOLausanne)(MOVETONeuchâtel)
------------> {Fribourg       ;ONMAP:[   ATAarauTO:Genève,   ATBaselTO:St-Gallen,   ATLausanneTO:St-Gallen,   ATSionTO:Genève,Basel,]   INVEHICLE:[TOSion:(Task 1, 3 kg, 40875 CHF, Zürich -> Sion),}[725661945]       LISTOFTRANS:(PICKUP:Sion)(MOVETOBasel)(MOVETOBern)(MOVETONeuchâtel)(MOVETOLausanne)(MOVETOFribourg)
------------> {Aarau          ;ONMAP:[   ATAarauTO:Genève,   ATBaselTO:St-Gallen,   ATLausanneTO:St-Gallen,   ATSionTO:Genève,Basel,]   INVEHICLE:[TOSion:(Task 1, 3 kg, 40875 CHF, Zürich -> Sion),}[1819112147]       LISTOFTRANS:(PICKUP:Sion)(MOVETOBasel)(MOVETOBern)(MOVETOAarau)
------------> {Neuchâtel      ;ONMAP:[   ATAarauTO:Genève,   ATBaselTO:St-Gallen,   ATZürichTO:Sion,   ATLausanneTO:St-Gallen,   ATSionTO:Genève,Basel,]   INVEHICLE:[}[-68312749]       LISTOFTRANS:(MOVETOBasel)(MOVETOBern)(MOVETONeuchâtel)(MOVETOLausanne)(MOVETONeuchâtel)
------------> {Sion           ;ONMAP:[   ATAarauTO:Genève,   ATBaselTO:St-Gallen,   ATZürichTO:Sion,   ATLausanneTO:St-Gallen,   ATSionTO:Genève,Basel,]   INVEHICLE:[}[911910884]       LISTOFTRANS:(MOVETOBasel)(MOVETOBern)(MOVETONeuchâtel)(MOVETOLausanne)(MOVETOSion)
------------> {Thun           ;ONMAP:[   ATAarauTO:Genève,   ATBaselTO:St-Gallen,   ATLausanneTO:St-Gallen,   ATSionTO:Genève,Basel,]   INVEHICLE:[TOSion:(Task 1, 3 kg, 40875 CHF, Zürich -> Sion),}[-1039749946]       LISTOFTRANS:(PICKUP:Sion)(MOVETOBasel)(MOVETOBern)(MOVETOThun)
------------> {St-Gallen      ;ONMAP:[   ATAarauTO:Genève,   ATBaselTO:St-Gallen,   ATLausanneTO:St-Gallen,   ATSionTO:Genève,Basel,]   INVEHICLE:[TOSion:(Task 1, 3 kg, 40875 CHF, Zürich -> Sion),}[1554954090]       LISTOFTRANS:(PICKUP:Sion)(MOVETOSt-Gallen)
------------> {Sion           ;ONMAP:[   ATBaselTO:St-Gallen,   ATZürichTO:Sion,   ATLausanneTO:St-Gallen,   ATSionTO:Genève,Basel,]   INVEHICLE:[TOGenève:(Task 0, 3 kg, 36797 CHF, Aarau -> Genève),}[111893359]       LISTOFTRANS:(MOVETOAarau)(PICKUP:Genève)(MOVETOBern)(MOVETONeuchâtel)(MOVETOLausanne)(MOVETOSion)
------------> {Aarau          ;ONMAP:[   ATBaselTO:St-Gallen,   ATZürichTO:Sion,   ATLausanneTO:St-Gallen,   ATSionTO:Genève,Basel,]   INVEHICLE:[TOGenève:(Task 0, 3 kg, 36797 CHF, Aarau -> Genève),}[-867022956]       LISTOFTRANS:(MOVETOAarau)(PICKUP:Genève)(MOVETOBern)(MOVETOAarau)
------------> {Lausanne       ;ONMAP:[   ATAarauTO:Genève,   ATBaselTO:St-Gallen,   ATLausanneTO:St-Gallen,   ATSionTO:Genève,Basel,]   INVEHICLE:[TOSion:(Task 1, 3 kg, 40875 CHF, Zürich -> Sion),}[-394752592]       LISTOFTRANS:(PICKUP:Sion)(MOVETOBasel)(MOVETOBern)(MOVETONeuchâtel)(MOVETOLausanne)
------------> {Genève         ;ONMAP:[   ATAarauTO:Genève,   ATBaselTO:St-Gallen,   ATSionTO:Genève,Basel,]   INVEHICLE:[TOSt-Gallen:(Task 4, 3 kg, 18448 CHF, Lausanne -> St-Gallen),TOSion:(Task 1, 3 kg, 40875 CHF, Zürich -> Sion),}[-83096384]       LISTOFTRANS:(PICKUP:Sion)(MOVETOBasel)(MOVETOBern)(MOVETONeuchâtel)(MOVETOLausanne)(PICKUP:St-Gallen)(MOVETOGenève)
------------> {Neuchâtel      ;ONMAP:[   ATAarauTO:Genève,   ATLausanneTO:St-Gallen,   ATSionTO:Genève,Basel,]   INVEHICLE:[TOSt-Gallen:(Task 3, 3 kg, 59223 CHF, Basel -> St-Gallen),TOSion:(Task 1, 3 kg, 40875 CHF, Zürich -> Sion),}[-2069203612]       LISTOFTRANS:(PICKUP:Sion)(MOVETOBasel)(PICKUP:St-Gallen)(MOVETOBern)(MOVETONeuchâtel)
------------> {Basel          ;ONMAP:[   ATAarauTO:Genève,   ATZürichTO:Sion,   ATLausanneTO:St-Gallen,   ATSionTO:Genève,Basel,]   INVEHICLE:[TOSt-Gallen:(Task 3, 3 kg, 59223 CHF, Basel -> St-Gallen),}[-823135433]       LISTOFTRANS:(MOVETOBasel)(PICKUP:St-Gallen)(MOVETOBern)(MOVETOBasel)
------------> {Aarau          ;ONMAP:[   ATAarauTO:Genève,   ATBaselTO:St-Gallen,   ATZürichTO:Sion,   ATLausanneTO:St-Gallen,   ATSionTO:Genève,Basel,]   INVEHICLE:[}[-556570615]       LISTOFTRANS:(MOVETOBasel)(MOVETOBern)(MOVETOAarau)
------------> {Basel          ;ONMAP:[   ATBaselTO:St-Gallen,   ATZürichTO:Sion,   ATLausanneTO:St-Gallen,   ATSionTO:Genève,Basel,]   INVEHICLE:[TOGenève:(Task 0, 3 kg, 36797 CHF, Aarau -> Genève),}[610517439]       LISTOFTRANS:(MOVETOAarau)(PICKUP:Genève)(MOVETOBern)(MOVETOBasel)
------------> {Lausanne       ;ONMAP:[   ATAarauTO:Genève,   ATBaselTO:St-Gallen,   ATSionTO:Genève,Basel,]   INVEHICLE:[TOSt-Gallen:(Task 4, 3 kg, 18448 CHF, Lausanne -> St-Gallen),TOSion:(Task 1, 3 kg, 40875 CHF, Zürich -> Sion),}[-745612976]       LISTOFTRANS:(PICKUP:Sion)(MOVETOBasel)(MOVETOBern)(MOVETONeuchâtel)(MOVETOLausanne)(PICKUP:St-Gallen)
------------> {Fribourg       ;ONMAP:[   ATAarauTO:Genève,   ATBaselTO:St-Gallen,   ATZürichTO:Sion,   ATSionTO:Genève,Basel,]   INVEHICLE:[TOSt-Gallen:(Task 4, 3 kg, 18448 CHF, Lausanne -> St-Gallen),}[659023527]       LISTOFTRANS:(MOVETOBasel)(MOVETOBern)(MOVETONeuchâtel)(MOVETOLausanne)(PICKUP:St-Gallen)(MOVETOFribourg)
------------> {Basel          ;ONMAP:[   ATAarauTO:Genève,   ATBaselTO:St-Gallen,   ATLausanneTO:St-Gallen,   ATSionTO:Genève,Basel,]   INVEHICLE:[TOSion:(Task 1, 3 kg, 40875 CHF, Zürich -> Sion),}[6126526]       LISTOFTRANS:(PICKUP:Sion)(MOVETOBasel)(MOVETOBern)(MOVETOBasel)
------------> {Fribourg       ;ONMAP:[   ATAarauTO:Genève,   ATZürichTO:Sion,   ATLausanneTO:St-Gallen,   ATSionTO:Genève,Basel,]   INVEHICLE:[TOSt-Gallen:(Task 3, 3 kg, 59223 CHF, Basel -> St-Gallen),}[1983431388]       LISTOFTRANS:(MOVETOBasel)(PICKUP:St-Gallen)(MOVETOBern)(MOVETOFribourg)
------------> {Lausanne       ;ONMAP:[   ATBaselTO:St-Gallen,   ATSionTO:Genève,Basel,]   INVEHICLE:[TOSt-Gallen:(Task 4, 3 kg, 18448 CHF, Lausanne -> St-Gallen),TOGenève:(Task 0, 3 kg, 36797 CHF, Aarau -> Genève),TOSion:(Task 1, 3 kg, 40875 CHF, Zürich -> Sion),}[-61971547]       LISTOFTRANS:(PICKUP:Sion)(MOVETOAarau)(PICKUP:Genève)(MOVETOBern)(MOVETONeuchâtel)(MOVETOLausanne)(PICKUP:St-Gallen)
------------> {Fribourg       ;ONMAP:[   ATBaselTO:St-Gallen,   ATZürichTO:Sion,   ATSionTO:Genève,Basel,]   INVEHICLE:[TOSt-Gallen:(Task 4, 3 kg, 18448 CHF, Lausanne -> St-Gallen),TOGenève:(Task 0, 3 kg, 36797 CHF, Aarau -> Genève),}[1389322528]       LISTOFTRANS:(MOVETOAarau)(PICKUP:Genève)(MOVETOBern)(MOVETONeuchâtel)(MOVETOLausanne)(PICKUP:St-Gallen)(MOVETOFribourg)
------------> {Luzern         ;ONMAP:[   ATAarauTO:Genève,   ATBaselTO:St-Gallen,   ATZürichTO:Sion,   ATLausanneTO:St-Gallen,   ATSionTO:Genève,Basel,]   INVEHICLE:[}[-1666247329]       LISTOFTRANS:(MOVETOAarau)(MOVETOLuzern)
------------> {Basel          ;ONMAP:[   ATAarauTO:Genève,   ATLausanneTO:St-Gallen,   ATSionTO:Genève,Basel,]   INVEHICLE:[TOSt-Gallen:(Task 3, 3 kg, 59223 CHF, Basel -> St-Gallen),TOSion:(Task 1, 3 kg, 40875 CHF, Zürich -> Sion),}[-44831581]       LISTOFTRANS:(PICKUP:Sion)(MOVETOBasel)(PICKUP:St-Gallen)(MOVETOBern)(MOVETOBasel)
------------> {Neuchâtel      ;ONMAP:[   ATBaselTO:St-Gallen,   ATSionTO:Genève,Basel,]   INVEHICLE:[TOSt-Gallen:(Task 4, 3 kg, 18448 CHF, Lausanne -> St-Gallen),TOGenève:(Task 0, 3 kg, 36797 CHF, Aarau -> Genève),TOSion:(Task 1, 3 kg, 40875 CHF, Zürich -> Sion),}[1131005848]       LISTOFTRANS:(PICKUP:Sion)(MOVETOAarau)(PICKUP:Genève)(MOVETOBern)(MOVETONeuchâtel)(MOVETOLausanne)(PICKUP:St-Gallen)(MOVETONeuchâtel)
------------> {Zürich         ;ONMAP:[   ATZürichTO:Sion,   ATLausanneTO:St-Gallen,   ATSionTO:Genève,Basel,]   INVEHICLE:[TOSt-Gallen:(Task 3, 3 kg, 59223 CHF, Basel -> St-Gallen),TOGenève:(Task 0, 3 kg, 36797 CHF, Aarau -> Genève),}[-368720137]       LISTOFTRANS:(MOVETOBasel)(PICKUP:St-Gallen)(MOVETOBern)(MOVETOAarau)(PICKUP:Genève)(MOVETOZürich)
------------> {Basel          ;ONMAP:[   ATAarauTO:Genève,   ATBaselTO:St-Gallen,   ATZürichTO:Sion,   ATLausanneTO:St-Gallen,   ATSionTO:Genève,Basel,]   INVEHICLE:[}[-255832524]       LISTOFTRANS:(MOVETOBasel)(MOVETOBern)(MOVETOBasel)
------------> {Fribourg       ;ONMAP:[   ATBaselTO:St-Gallen,   ATSionTO:Genève,Basel,]   INVEHICLE:[TOSt-Gallen:(Task 4, 3 kg, 18448 CHF, Lausanne -> St-Gallen),TOGenève:(Task 0, 3 kg, 36797 CHF, Aarau -> Genève),TOSion:(Task 1, 3 kg, 40875 CHF, Zürich -> Sion),}[-1186508868]       LISTOFTRANS:(PICKUP:Sion)(MOVETOAarau)(PICKUP:Genève)(MOVETOBern)(MOVETONeuchâtel)(MOVETOLausanne)(PICKUP:St-Gallen)(MOVETOFribourg)
------------> {Zürich         ;ONMAP:[   ATAarauTO:Genève,   ATBaselTO:St-Gallen,   ATZürichTO:Sion,   ATLausanneTO:St-Gallen,   ATSionTO:Genève,Basel,]   INVEHICLE:[}[-1774977587]       LISTOFTRANS:(MOVETOSt-Gallen)(MOVETOZürich)


==========================================================================================
CURRENT STATE: {Sion           ;ONMAP:[   ATBaselTO:St-Gallen,   ATLausanneTO:St-Gallen,   ATSionTO:Genève,Basel,]   INVEHICLE:[TOGenève:(Task 0, 3 kg, 36797 CHF, Aarau -> Genève),TOSion:}[1076627258] reached bynull

C STATES:
------------> {Aarau          ;ONMAP:[   ATLausanneTO:St-Gallen,   ATSionTO:Genève,Basel,]   INVEHICLE:[TOSt-Gallen:(Task 3, 3 kg, 59223 CHF, Basel -> St-Gallen),TOGenève:(Task 0, 3 kg, 36797 CHF, Aarau -> Genève),TOSion:(Task 1, 3 kg, 40875 CHF, Zürich -> Sion),}[-666669757]
------------> {Zürich         ;ONMAP:[   ATAarauTO:Genève,   ATBaselTO:St-Gallen,   ATLausanneTO:St-Gallen,   ATSionTO:Genève,Basel,]   INVEHICLE:[TOSion:(Task 1, 3 kg, 40875 CHF, Zürich -> Sion),}[2056558999]
------------> {Lausanne       ;ONMAP:[   ATBaselTO:St-Gallen,   ATLausanneTO:St-Gallen,   ATSionTO:Genève,Basel,]   INVEHICLE:[TOGenève:(Task 0, 3 kg, 36797 CHF, Aarau -> Genève),TOSion:(Task 1, 3 kg, 40875 CHF, Zürich -> Sion),}[1309946007]
------------> {Lausanne       ;ONMAP:[   ATAarauTO:Genève,   ATBaselTO:St-Gallen,   ATZürichTO:Sion,   ATLausanneTO:St-Gallen,   ATSionTO:Genève,Basel,]   INVEHICLE:[}[-1474235482]
------------> {Aarau          ;ONMAP:[   ATBaselTO:St-Gallen,   ATLausanneTO:St-Gallen,   ATSionTO:Genève,Basel,]   INVEHICLE:[TOGenève:(Task 0, 3 kg, 36797 CHF, Aarau -> Genève),TOSion:(Task 1, 3 kg, 40875 CHF, Zürich -> Sion),}[833866170]
------------> {Bern           ;ONMAP:[   ATBaselTO:St-Gallen,   ATLausanneTO:St-Gallen,   ATSionTO:Genève,Basel,]   INVEHICLE:[TOGenève:(Task 0, 3 kg, 36797 CHF, Aarau -> Genève),TOSion:(Task 1, 3 kg, 40875 CHF, Zürich -> Sion),}[1783710943]
------------> {Zürich         ;ONMAP:[   ATBaselTO:St-Gallen,   ATLausanneTO:St-Gallen,   ATSionTO:Genève,Basel,]   INVEHICLE:[TOGenève:(Task 0, 3 kg, 36797 CHF, Aarau -> Genève),TOSion:(Task 1, 3 kg, 40875 CHF, Zürich -> Sion),}[1122951294]
------------> {Zürich         ;ONMAP:[   ATAarauTO:Genève,   ATZürichTO:Sion,   ATLausanneTO:St-Gallen,   ATSionTO:Genève,Basel,]   INVEHICLE:[TOSt-Gallen:(Task 3, 3 kg, 59223 CHF, Basel -> St-Gallen),}[233739518]
------------> {Zürich         ;ONMAP:[   ATBaselTO:St-Gallen,   ATZürichTO:Sion,   ATLausanneTO:St-Gallen,   ATSionTO:Genève,Basel,]   INVEHICLE:[TOGenève:(Task 0, 3 kg, 36797 CHF, Aarau -> Genève),}[-313864872]
------------> {Fribourg       ;ONMAP:[   ATBaselTO:St-Gallen,   ATLausanneTO:St-Gallen,   ATSionTO:Genève,Basel,]   INVEHICLE:[TOGenève:(Task 0, 3 kg, 36797 CHF, Aarau -> Genève),TOSion:(Task 1, 3 kg, 40875 CHF, Zürich -> Sion),}[-1879771168]
------------> {Fribourg       ;ONMAP:[   ATAarauTO:Genève,   ATBaselTO:St-Gallen,   ATZürichTO:Sion,   ATLausanneTO:St-Gallen,   ATSionTO:Genève,Basel,]   INVEHICLE:[}[-1329998673]
------------> {Aarau          ;ONMAP:[   ATAarauTO:Genève,   ATLausanneTO:St-Gallen,   ATSionTO:Genève,Basel,]   INVEHICLE:[TOSt-Gallen:(Task 3, 3 kg, 59223 CHF, Basel -> St-Gallen),TOSion:(Task 1, 3 kg, 40875 CHF, Zürich -> Sion),}[-411552402]
------------> {Sion           ;ONMAP:[   ATBaselTO:St-Gallen,   ATLausanneTO:St-Gallen,   ATSionTO:Genève,Basel,]   INVEHICLE:[TOGenève:(Task 0, 3 kg, 36797 CHF, Aarau -> Genève),TOSion:}[1076627258]
------------> {Fribourg       ;ONMAP:[   ATAarauTO:Genève,   ATLausanneTO:St-Gallen,   ATSionTO:Genève,Basel,]   INVEHICLE:[TOSt-Gallen:(Task 3, 3 kg, 59223 CHF, Basel -> St-Gallen),TOSion:(Task 1, 3 kg, 40875 CHF, Zürich -> Sion),}[1787923848]
------------> {Zürich         ;ONMAP:[   ATAarauTO:Genève,   ATLausanneTO:St-Gallen,   ATSionTO:Genève,Basel,]   INVEHICLE:[TOSt-Gallen:(Task 3, 3 kg, 59223 CHF, Basel -> St-Gallen),TOSion:(Task 1, 3 kg, 40875 CHF, Zürich -> Sion),}[313948202]
------------> {Bern           ;ONMAP:[   ATAarauTO:Genève,   ATLausanneTO:St-Gallen,   ATSionTO:Genève,Basel,]   INVEHICLE:[TOSt-Gallen:(Task 3, 3 kg, 59223 CHF, Basel -> St-Gallen),TOSion:(Task 1, 3 kg, 40875 CHF, Zürich -> Sion),}[1169533993]
------------> {St-Gallen      ;ONMAP:[   ATAarauTO:Genève,   ATBaselTO:St-Gallen,   ATZürichTO:Sion,   ATLausanneTO:St-Gallen,   ATSionTO:Genève,Basel,]   INVEHICLE:[}[394198752]
------------> {Luzern         ;ONMAP:[   ATAarauTO:Genève,   ATZürichTO:Sion,   ATLausanneTO:St-Gallen,   ATSionTO:Genève,Basel,]   INVEHICLE:[TOSt-Gallen:(Task 3, 3 kg, 59223 CHF, Basel -> St-Gallen),}[1471300652]
------------> {Bern           ;ONMAP:[   ATAarauTO:Genève,   ATBaselTO:St-Gallen,   ATLausanneTO:St-Gallen,   ATSionTO:Genève,Basel,]   INVEHICLE:[TOSion:(Task 1, 3 kg, 40875 CHF, Zürich -> Sion),}[1306051064]
------------> {Thun           ;ONMAP:[   ATAarauTO:Genève,   ATBaselTO:St-Gallen,   ATZürichTO:Sion,   ATLausanneTO:St-Gallen,   ATSionTO:Genève,Basel,]   INVEHICLE:[}[-1633714884]
------------> {Luzern         ;ONMAP:[   ATAarauTO:Genève,   ATBaselTO:St-Gallen,   ATLausanneTO:St-Gallen,   ATSionTO:Genève,Basel,]   INVEHICLE:[TOSion:(Task 1, 3 kg, 40875 CHF, Zürich -> Sion),}[244295081]
------------> {Basel          ;ONMAP:[   ATZürichTO:Sion,   ATLausanneTO:St-Gallen,   ATSionTO:Genève,Basel,]   INVEHICLE:[TOSt-Gallen:(Task 3, 3 kg, 59223 CHF, Basel -> St-Gallen),TOGenève:(Task 0, 3 kg, 36797 CHF, Aarau -> Genève),}[-1558707920]
------------> {Basel          ;ONMAP:[   ATBaselTO:St-Gallen,   ATLausanneTO:St-Gallen,   ATSionTO:Genève,Basel,]   INVEHICLE:[TOGenève:(Task 0, 3 kg, 36797 CHF, Aarau -> Genève),TOSion:(Task 1, 3 kg, 40875 CHF, Zürich -> Sion),}[1217226405]
------------> {Luzern         ;ONMAP:[   ATAarauTO:Genève,   ATLausanneTO:St-Gallen,   ATSionTO:Genève,Basel,]   INVEHICLE:[TOSt-Gallen:(Task 3, 3 kg, 59223 CHF, Basel -> St-Gallen),TOSion:(Task 1, 3 kg, 40875 CHF, Zürich -> Sion),}[133292760]
------------> {Neuchâtel      ;ONMAP:[   ATAarauTO:Genève,   ATZürichTO:Sion,   ATLausanneTO:St-Gallen,   ATSionTO:Genève,Basel,]   INVEHICLE:[TOSt-Gallen:(Task 3, 3 kg, 59223 CHF, Basel -> St-Gallen),}[1603376056]
------------> {Thun           ;ONMAP:[   ATAarauTO:Genève,   ATZürichTO:Sion,   ATLausanneTO:St-Gallen,   ATSionTO:Genève,Basel,]   INVEHICLE:[TOSt-Gallen:(Task 3, 3 kg, 59223 CHF, Basel -> St-Gallen),}[1510221615]
------------> {Lausanne       ;ONMAP:[   ATBaselTO:St-Gallen,   ATZürichTO:Sion,   ATLausanneTO:St-Gallen,   ATSionTO:Genève,Basel,]   INVEHICLE:[TOGenève:(Task 0, 3 kg, 36797 CHF, Aarau -> Genève),}[1912741681]
------------> {Bern           ;ONMAP:[   ATAarauTO:Genève,   ATZürichTO:Sion,   ATLausanneTO:St-Gallen,   ATSionTO:Genève,Basel,]   INVEHICLE:[TOSt-Gallen:(Task 3, 3 kg, 59223 CHF, Basel -> St-Gallen),}[-1937145539]
------------> {Neuchâtel      ;ONMAP:[   ATBaselTO:St-Gallen,   ATLausanneTO:St-Gallen,   ATSionTO:Genève,Basel,]   INVEHICLE:[TOGenève:(Task 0, 3 kg, 36797 CHF, Aarau -> Genève),TOSion:(Task 1, 3 kg, 40875 CHF, Zürich -> Sion),}[1497136516]
------------> {Fribourg       ;ONMAP:[   ATAarauTO:Genève,   ATBaselTO:St-Gallen,   ATLausanneTO:St-Gallen,   ATSionTO:Genève,Basel,]   INVEHICLE:[TOSion:(Task 1, 3 kg, 40875 CHF, Zürich -> Sion),}[725661945]
------------> {Aarau          ;ONMAP:[   ATAarauTO:Genève,   ATBaselTO:St-Gallen,   ATLausanneTO:St-Gallen,   ATSionTO:Genève,Basel,]   INVEHICLE:[TOSion:(Task 1, 3 kg, 40875 CHF, Zürich -> Sion),}[1819112147]
------------> {Neuchâtel      ;ONMAP:[   ATAarauTO:Genève,   ATBaselTO:St-Gallen,   ATZürichTO:Sion,   ATLausanneTO:St-Gallen,   ATSionTO:Genève,Basel,]   INVEHICLE:[}[-68312749]
------------> {St-Gallen      ;ONMAP:[   ATBaselTO:St-Gallen,   ATZürichTO:Sion,   ATLausanneTO:St-Gallen,   ATSionTO:Genève,Basel,]   INVEHICLE:[TOGenève:(Task 0, 3 kg, 36797 CHF, Aarau -> Genève),}[-1319845269]
------------> {Thun           ;ONMAP:[   ATAarauTO:Genève,   ATBaselTO:St-Gallen,   ATLausanneTO:St-Gallen,   ATSionTO:Genève,Basel,]   INVEHICLE:[TOSion:(Task 1, 3 kg, 40875 CHF, Zürich -> Sion),}[-1039749946]
------------> {Thun           ;ONMAP:[   ATBaselTO:St-Gallen,   ATZürichTO:Sion,   ATLausanneTO:St-Gallen,   ATSionTO:Genève,Basel,]   INVEHICLE:[TOGenève:(Task 0, 3 kg, 36797 CHF, Aarau -> Genève),}[545575111]
------------> {St-Gallen      ;ONMAP:[   ATAarauTO:Genève,   ATBaselTO:St-Gallen,   ATLausanneTO:St-Gallen,   ATSionTO:Genève,Basel,]   INVEHICLE:[TOSion:(Task 1, 3 kg, 40875 CHF, Zürich -> Sion),}[1554954090]
------------> {Aarau          ;ONMAP:[   ATBaselTO:St-Gallen,   ATZürichTO:Sion,   ATLausanneTO:St-Gallen,   ATSionTO:Genève,Basel,]   INVEHICLE:[TOGenève:(Task 0, 3 kg, 36797 CHF, Aarau -> Genève),}[-867022956]
------------> {Lausanne       ;ONMAP:[   ATAarauTO:Genève,   ATBaselTO:St-Gallen,   ATLausanneTO:St-Gallen,   ATSionTO:Genève,Basel,]   INVEHICLE:[TOSion:(Task 1, 3 kg, 40875 CHF, Zürich -> Sion),}[-394752592]
------------> {Lausanne       ;ONMAP:[   ATAarauTO:Genève,   ATBaselTO:St-Gallen,   ATZürichTO:Sion,   ATSionTO:Genève,Basel,]   INVEHICLE:[TOSt-Gallen:(Task 4, 3 kg, 18448 CHF, Lausanne -> St-Gallen),}[270232656]
------------> {Bern           ;ONMAP:[   ATAarauTO:Genève,   ATBaselTO:St-Gallen,   ATZürichTO:Sion,   ATLausanneTO:St-Gallen,   ATSionTO:Genève,Basel,]   INVEHICLE:[}[-140487186]
------------> {Neuchâtel      ;ONMAP:[   ATAarauTO:Genève,   ATLausanneTO:St-Gallen,   ATSionTO:Genève,Basel,]   INVEHICLE:[TOSt-Gallen:(Task 3, 3 kg, 59223 CHF, Basel -> St-Gallen),TOSion:(Task 1, 3 kg, 40875 CHF, Zürich -> Sion),}[-2069203612]
------------> {Basel          ;ONMAP:[   ATLausanneTO:St-Gallen,   ATSionTO:Genève,Basel,]   INVEHICLE:[TOSt-Gallen:(Task 3, 3 kg, 59223 CHF, Basel -> St-Gallen),TOGenève:(Task 0, 3 kg, 36797 CHF, Aarau -> Genève),TOSion:(Task 1, 3 kg, 40875 CHF, Zürich -> Sion),}[120393848]
------------> {Thun           ;ONMAP:[   ATAarauTO:Genève,   ATLausanneTO:St-Gallen,   ATSionTO:Genève,Basel,]   INVEHICLE:[TOSt-Gallen:(Task 3, 3 kg, 59223 CHF, Basel -> St-Gallen),TOSion:(Task 1, 3 kg, 40875 CHF, Zürich -> Sion),}[-1899045221]
------------> {Fribourg       ;ONMAP:[   ATBaselTO:St-Gallen,   ATZürichTO:Sion,   ATLausanneTO:St-Gallen,   ATSionTO:Genève,Basel,]   INVEHICLE:[TOGenève:(Task 0, 3 kg, 36797 CHF, Aarau -> Genève),}[594320442]
------------> {Basel          ;ONMAP:[   ATAarauTO:Genève,   ATZürichTO:Sion,   ATLausanneTO:St-Gallen,   ATSionTO:Genève,Basel,]   INVEHICLE:[TOSt-Gallen:(Task 3, 3 kg, 59223 CHF, Basel -> St-Gallen),}[-823135433]
------------> {Luzern         ;ONMAP:[   ATBaselTO:St-Gallen,   ATZürichTO:Sion,   ATLausanneTO:St-Gallen,   ATSionTO:Genève,Basel,]   INVEHICLE:[TOGenève:(Task 0, 3 kg, 36797 CHF, Aarau -> Genève),}[1857232106]
------------> {Aarau          ;ONMAP:[   ATAarauTO:Genève,   ATBaselTO:St-Gallen,   ATZürichTO:Sion,   ATLausanneTO:St-Gallen,   ATSionTO:Genève,Basel,]   INVEHICLE:[}[-556570615]
------------> {Aarau          ;ONMAP:[   ATAarauTO:Genève,   ATZürichTO:Sion,   ATLausanneTO:St-Gallen,   ATSionTO:Genève,Basel,]   INVEHICLE:[TOSt-Gallen:(Task 3, 3 kg, 59223 CHF, Basel -> St-Gallen),}[890773826]
------------> {Basel          ;ONMAP:[   ATBaselTO:St-Gallen,   ATZürichTO:Sion,   ATLausanneTO:St-Gallen,   ATSionTO:Genève,Basel,]   INVEHICLE:[TOGenève:(Task 0, 3 kg, 36797 CHF, Aarau -> Genève),}[610517439]
------------> {Thun           ;ONMAP:[   ATBaselTO:St-Gallen,   ATLausanneTO:St-Gallen,   ATSionTO:Genève,Basel,]   INVEHICLE:[TOGenève:(Task 0, 3 kg, 36797 CHF, Aarau -> Genève),TOSion:(Task 1, 3 kg, 40875 CHF, Zürich -> Sion),}[1609594797]
------------> {Lausanne       ;ONMAP:[   ATAarauTO:Genève,   ATBaselTO:St-Gallen,   ATSionTO:Genève,Basel,]   INVEHICLE:[TOSt-Gallen:(Task 4, 3 kg, 18448 CHF, Lausanne -> St-Gallen),TOSion:(Task 1, 3 kg, 40875 CHF, Zürich -> Sion),}[-745612976]
------------> {Bern           ;ONMAP:[   ATBaselTO:St-Gallen,   ATZürichTO:Sion,   ATLausanneTO:St-Gallen,   ATSionTO:Genève,Basel,]   INVEHICLE:[TOGenève:(Task 0, 3 kg, 36797 CHF, Aarau -> Genève),}[2515321]
------------> {Basel          ;ONMAP:[   ATAarauTO:Genève,   ATBaselTO:St-Gallen,   ATLausanneTO:St-Gallen,   ATSionTO:Genève,Basel,]   INVEHICLE:[TOSion:(Task 1, 3 kg, 40875 CHF, Zürich -> Sion),}[6126526]
------------> {Fribourg       ;ONMAP:[   ATAarauTO:Genève,   ATZürichTO:Sion,   ATLausanneTO:St-Gallen,   ATSionTO:Genève,Basel,]   INVEHICLE:[TOSt-Gallen:(Task 3, 3 kg, 59223 CHF, Basel -> St-Gallen),}[1983431388]
------------> {Lausanne       ;ONMAP:[   ATBaselTO:St-Gallen,   ATSionTO:Genève,Basel,]   INVEHICLE:[TOSt-Gallen:(Task 4, 3 kg, 18448 CHF, Lausanne -> St-Gallen),TOGenève:(Task 0, 3 kg, 36797 CHF, Aarau -> Genève),TOSion:(Task 1, 3 kg, 40875 CHF, Zürich -> Sion),}[-61971547]
------------> {Luzern         ;ONMAP:[   ATAarauTO:Genève,   ATBaselTO:St-Gallen,   ATZürichTO:Sion,   ATLausanneTO:St-Gallen,   ATSionTO:Genève,Basel,]   INVEHICLE:[}[-1666247329]
------------> {Basel          ;ONMAP:[   ATAarauTO:Genève,   ATLausanneTO:St-Gallen,   ATSionTO:Genève,Basel,]   INVEHICLE:[TOSt-Gallen:(Task 3, 3 kg, 59223 CHF, Basel -> St-Gallen),TOSion:(Task 1, 3 kg, 40875 CHF, Zürich -> Sion),}[-44831581]
------------> {Lausanne       ;ONMAP:[   ATBaselTO:St-Gallen,   ATZürichTO:Sion,   ATSionTO:Genève,Basel,]   INVEHICLE:[TOSt-Gallen:(Task 4, 3 kg, 18448 CHF, Lausanne -> St-Gallen),TOGenève:(Task 0, 3 kg, 36797 CHF, Aarau -> Genève),}[1471808201]
------------> {Basel          ;ONMAP:[   ATAarauTO:Genève,   ATBaselTO:St-Gallen,   ATZürichTO:Sion,   ATLausanneTO:St-Gallen,   ATSionTO:Genève,Basel,]   INVEHICLE:[}[-255832524]
------------> {Luzern         ;ONMAP:[   ATBaselTO:St-Gallen,   ATLausanneTO:St-Gallen,   ATSionTO:Genève,Basel,]   INVEHICLE:[TOGenève:(Task 0, 3 kg, 36797 CHF, Aarau -> Genève),TOSion:(Task 1, 3 kg, 40875 CHF, Zürich -> Sion),}[551888016]
------------> {St-Gallen      ;ONMAP:[   ATBaselTO:St-Gallen,   ATLausanneTO:St-Gallen,   ATSionTO:Genève,Basel,]   INVEHICLE:[TOGenève:(Task 0, 3 kg, 36797 CHF, Aarau -> Genève),TOSion:(Task 1, 3 kg, 40875 CHF, Zürich -> Sion),}[1713697361]
------------> {Aarau          ;ONMAP:[   ATZürichTO:Sion,   ATLausanneTO:St-Gallen,   ATSionTO:Genève,Basel,]   INVEHICLE:[TOSt-Gallen:(Task 3, 3 kg, 59223 CHF, Basel -> St-Gallen),TOGenève:(Task 0, 3 kg, 36797 CHF, Aarau -> Genève),}[-1790098629]
------------> {Neuchâtel      ;ONMAP:[   ATAarauTO:Genève,   ATBaselTO:St-Gallen,   ATLausanneTO:St-Gallen,   ATSionTO:Genève,Basel,]   INVEHICLE:[TOSion:(Task 1, 3 kg, 40875 CHF, Zürich -> Sion),}[-1585507]
------------> {Neuchâtel      ;ONMAP:[   ATBaselTO:St-Gallen,   ATZürichTO:Sion,   ATLausanneTO:St-Gallen,   ATSionTO:Genève,Basel,]   INVEHICLE:[TOGenève:(Task 0, 3 kg, 36797 CHF, Aarau -> Genève),}[1789188318]
------------> {Zürich         ;ONMAP:[   ATAarauTO:Genève,   ATBaselTO:St-Gallen,   ATZürichTO:Sion,   ATLausanneTO:St-Gallen,   ATSionTO:Genève,Basel,]   INVEHICLE:[}[-1774977587]

POSSIBLE TRANSITIONS
-----> (DELIVER:Sion)
false
Exception in thread "Thread-2" logist.LogistException: agent deliberative-bfs crashed: java.lang.NullPointerException: Cannot invoke "template.TransitionList.clone()" because the return value of "java.util.Map.get(Object)" is null
	at logist.agent.TimeoutGuard.schedule(TimeoutGuard.java:34)
	at logist.agent.DeliberativeAgent.nextAction(DeliberativeAgent.java:74)
	at logist.simulation.VehicleImpl.executeNextAction(VehicleImpl.java:84)
	at logist.simulation.Simulation.step(Simulation.java:108)
	at logist.gui.SimulationModel$1.execute(SimulationModel.java:157)
	at uchicago.src.sim.engine.ScheduleGroup.execute(Unknown Source)
	at uchicago.src.sim.engine.RandomScheduleGroup.execute(Unknown Source)
	at uchicago.src.sim.engine.Schedule.execute(Unknown Source)
	at uchicago.src.sim.engine.BaseController$1.run(Unknown Source)
	at java.base/java.lang.Thread.run(Thread.java:832)
Caused by: java.util.concurrent.ExecutionException: java.lang.NullPointerException: Cannot invoke "template.TransitionList.clone()" because the return value of "java.util.Map.get(Object)" is null
	at java.base/java.util.concurrent.FutureTask.report(FutureTask.java:122)
	at java.base/java.util.concurrent.FutureTask.get(FutureTask.java:205)
	at logist.agent.TimeoutGuard.schedule(TimeoutGuard.java:29)
	... 9 more
Caused by: java.lang.NullPointerException: Cannot invoke "template.TransitionList.clone()" because the return value of "java.util.Map.get(Object)" is null
	at template.PlanMaker.runBFS(PlanMaker.java:67)
	at template.PlanMaker.calculatesBestPlan(PlanMaker.java:107)
	at template.DeliberativeTemplate.plan(DeliberativeTemplate.java:71)
	at logist.agent.DeliberativeAgent$2.call(DeliberativeAgent.java:79)
	at logist.agent.DeliberativeAgent$2.call(DeliberativeAgent.java:1)
	at java.base/java.util.concurrent.FutureTask.run(FutureTask.java:264)
	at java.base/java.util.concurrent.ThreadPoolExecutor.runWorker(ThreadPoolExecutor.java:1130)
	at java.base/java.util.concurrent.ThreadPoolExecutor$Worker.run(ThreadPoolExecutor.java:630)
	... 1 more
